<?xml version="1.0" encoding="UTF-8" standalone="yes"?>
<testsuites name="SMARTINDONASIA_API_SmokeTest" time="35" tests="2" failures="23" errors="2">
    <testsuite name="SMARTINDONASIA_API_SmokeTest" tests="2" failures="23" errors="2" time="35" timestamp="2019-09-18 16:56:51" hostname="Rajesh.Veeranna - VSPLBLRLT0060.visionetsystems.com" id="Test Suites/SMARTINDONASIA_API_SmokeTest">
        <properties>
            <property name="deviceName" value=""/>
            <property name="devicePlatform" value=""/>
            <property name="logFolder" value="C:\\Users\\rajesh.veeranna\\Katalon Studio\\SmartIndonasia\\Reports\\20190918_165647\\SMARTINDONASIA_API_SmokeTest\\20190918_165647"/>
            <property name="logFiles" value="C:\\Users\\rajesh.veeranna\\Katalon Studio\\SmartIndonasia\\Reports\\20190918_165647\\SMARTINDONASIA_API_SmokeTest\\20190918_165647\\execution0.log"/>
            <property name="attachments" value=""/>
            <property name="hostName" value="Rajesh.Veeranna - VSPLBLRLT0060.visionetsystems.com"/>
            <property name="hostAddress" value="10.130.3.183"/>
            <property name="os" value="Windows 7 64bit"/>
            <property name="katalonVersion" value="6.3.3.11"/>
        </properties>
        <testcase name="Test Cases/a.ValidateMobileNumber_Test" classname="Test Cases/a.ValidateMobileNumber_Test" status="FAILED">
            <failure type="FAILED" message="Test Cases/a.ValidateMobileNumber_Test FAILED.&#xA;Reason:&#xA;com.kms.katalon.core.exception.StepFailedException: Expected status code is '200' but actual status code is '404'&#xD;&#xA;&#x9;at com.kms.katalon.core.keyword.internal.KeywordMain.stepFailed(KeywordMain.groovy:50)&#xD;&#xA;&#x9;at com.kms.katalon.core.webservice.keyword.builtin.VerifyResponseStatusCodeKeyword.verifyStatusCode(VerifyResponseStatusCodeKeyword.groovy:52)&#xD;&#xA;&#x9;at com.kms.katalon.core.webservice.keyword.builtin.VerifyResponseStatusCodeKeyword$_verifyResponseStatusCode_closure1.doCall(VerifyResponseStatusCodeKeyword.groovy:42)&#xD;&#xA;&#x9;at com.kms.katalon.core.webservice.keyword.builtin.VerifyResponseStatusCodeKeyword$_verifyResponseStatusCode_closure1.call(VerifyResponseStatusCodeKeyword.groovy)&#xD;&#xA;&#x9;at com.kms.katalon.core.keyword.internal.KeywordMain.runKeyword(KeywordMain.groovy:68)&#xD;&#xA;&#x9;at com.kms.katalon.core.webservice.keyword.builtin.VerifyResponseStatusCodeKeyword.verifyResponseStatusCode(VerifyResponseStatusCodeKeyword.groovy:37)&#xD;&#xA;&#x9;at com.kms.katalon.core.webservice.keyword.builtin.VerifyResponseStatusCodeKeyword.execute(VerifyResponseStatusCodeKeyword.groovy:32)&#xD;&#xA;&#x9;at com.kms.katalon.core.keyword.internal.KeywordExecutor.executeKeywordForPlatform(KeywordExecutor.groovy:56)&#xD;&#xA;&#x9;at com.kms.katalon.core.webservice.keyword.WSBuiltInKeywords.verifyResponseStatusCode(WSBuiltInKeywords.groovy:212)&#xD;&#xA;&#x9;at com.kms.katalon.core.webservice.keyword.WSBuiltInKeywords$verifyResponseStatusCode$0.call(Unknown Source)&#xD;&#xA;&#x9;at WSVerification1568806016800.run(WSVerification1568806016800:15)&#xD;&#xA;&#x9;at com.kms.katalon.core.main.ScriptEngine.run(ScriptEngine.java:194)&#xD;&#xA;&#x9;at com.kms.katalon.core.main.ScriptEngine.runScriptAsRawText(ScriptEngine.java:119)&#xD;&#xA;&#x9;at com.kms.katalon.core.main.WSVerificationExecutor.runScript(WSVerificationExecutor.java:146)&#xD;&#xA;&#x9;at com.kms.katalon.core.main.WSVerificationExecutor.doExecute(WSVerificationExecutor.java:140)&#xD;&#xA;&#x9;at com.kms.katalon.core.main.WSVerificationExecutor.processExecutionPhase(WSVerificationExecutor.java:123)&#xD;&#xA;&#x9;at com.kms.katalon.core.main.WSVerificationExecutor.accessMainPhase(WSVerificationExecutor.java:115)&#xD;&#xA;&#x9;at com.kms.katalon.core.main.WSVerificationExecutor.execute(WSVerificationExecutor.java:103)&#xD;&#xA;&#x9;at com.kms.katalon.core.main.TestCaseMain.runWSVerificationScript(TestCaseMain.java:127)&#xD;&#xA;&#x9;at com.kms.katalon.core.webservice.keyword.builtin.SendRequestAndVerifyKeyword$_sendRequestAndVerify_closure1.doCall(SendRequestAndVerifyKeyword.groovy:55)&#xD;&#xA;&#x9;at com.kms.katalon.core.webservice.keyword.builtin.SendRequestAndVerifyKeyword$_sendRequestAndVerify_closure1.call(SendRequestAndVerifyKeyword.groovy)&#xD;&#xA;&#x9;at com.kms.katalon.core.keyword.internal.KeywordMain.runKeyword(KeywordMain.groovy:68)&#xD;&#xA;&#x9;at com.kms.katalon.core.webservice.keyword.builtin.SendRequestAndVerifyKeyword.sendRequestAndVerify(SendRequestAndVerifyKeyword.groovy:43)&#xD;&#xA;&#x9;at com.kms.katalon.core.webservice.keyword.builtin.SendRequestAndVerifyKeyword.execute(SendRequestAndVerifyKeyword.groovy:38)&#xD;&#xA;&#x9;at com.kms.katalon.core.keyword.internal.KeywordExecutor.executeKeywordForPlatform(KeywordExecutor.groovy:56)&#xD;&#xA;&#x9;at com.kms.katalon.core.webservice.keyword.WSBuiltInKeywords.sendRequestAndVerify(WSBuiltInKeywords.groovy:65)&#xD;&#xA;&#x9;at com.kms.katalon.core.webservice.keyword.WSBuiltInKeywords$sendRequestAndVerify.call(Unknown Source)&#xD;&#xA;&#x9;at a.ValidateMobileNumber_Test.run(a.ValidateMobileNumber_Test:16)&#xD;&#xA;&#x9;at com.kms.katalon.core.main.ScriptEngine.run(ScriptEngine.java:194)&#xD;&#xA;&#x9;at com.kms.katalon.core.main.ScriptEngine.runScriptAsRawText(ScriptEngine.java:119)&#xD;&#xA;&#x9;at com.kms.katalon.core.main.TestCaseExecutor.runScript(TestCaseExecutor.java:337)&#xD;&#xA;&#x9;at com.kms.katalon.core.main.TestCaseExecutor.doExecute(TestCaseExecutor.java:328)&#xD;&#xA;&#x9;at com.kms.katalon.core.main.TestCaseExecutor.processExecutionPhase(TestCaseExecutor.java:307)&#xD;&#xA;&#x9;at com.kms.katalon.core.main.TestCaseExecutor.accessMainPhase(TestCaseExecutor.java:299)&#xD;&#xA;&#x9;at com.kms.katalon.core.main.TestCaseExecutor.execute(TestCaseExecutor.java:233)&#xD;&#xA;&#x9;at com.kms.katalon.core.main.TestSuiteExecutor.accessTestCaseMainPhase(TestSuiteExecutor.java:169)&#xD;&#xA;&#x9;at com.kms.katalon.core.main.TestSuiteExecutor.accessTestSuiteMainPhase(TestSuiteExecutor.java:142)&#xD;&#xA;&#x9;at com.kms.katalon.core.main.TestSuiteExecutor.execute(TestSuiteExecutor.java:91)&#xD;&#xA;&#x9;at com.kms.katalon.core.main.TestCaseMain.startTestSuite(TestCaseMain.java:157)&#xD;&#xA;&#x9;at com.kms.katalon.core.main.TestCaseMain$startTestSuite$0.call(Unknown Source)&#xD;&#xA;&#x9;at TempTestSuite1568806007179.run(TempTestSuite1568806007179.groovy:35)&#xD;&#xA;"/>
            <system-out>2019-09-18 16:56:52 - [TEST_CASE][FAILED] - Test Cases/a.ValidateMobileNumber_Test: Test Cases/a.ValidateMobileNumber_Test FAILED.
Reason:
com.kms.katalon.core.exception.StepFailedException: Expected status code is '200' but actual status code is '404'&#xD;
	at com.kms.katalon.core.keyword.internal.KeywordMain.stepFailed(KeywordMain.groovy:50)&#xD;
	at com.kms.katalon.core.webservice.keyword.builtin.VerifyResponseStatusCodeKeyword.verifyStatusCode(VerifyResponseStatusCodeKeyword.groovy:52)&#xD;
	at com.kms.katalon.core.webservice.keyword.builtin.VerifyResponseStatusCodeKeyword$_verifyResponseStatusCode_closure1.doCall(VerifyResponseStatusCodeKeyword.groovy:42)&#xD;
	at com.kms.katalon.core.webservice.keyword.builtin.VerifyResponseStatusCodeKeyword$_verifyResponseStatusCode_closure1.call(VerifyResponseStatusCodeKeyword.groovy)&#xD;
	at com.kms.katalon.core.keyword.internal.KeywordMain.runKeyword(KeywordMain.groovy:68)&#xD;
	at com.kms.katalon.core.webservice.keyword.builtin.VerifyResponseStatusCodeKeyword.verifyResponseStatusCode(VerifyResponseStatusCodeKeyword.groovy:37)&#xD;
	at com.kms.katalon.core.webservice.keyword.builtin.VerifyResponseStatusCodeKeyword.execute(VerifyResponseStatusCodeKeyword.groovy:32)&#xD;
	at com.kms.katalon.core.keyword.internal.KeywordExecutor.executeKeywordForPlatform(KeywordExecutor.groovy:56)&#xD;
	at com.kms.katalon.core.webservice.keyword.WSBuiltInKeywords.verifyResponseStatusCode(WSBuiltInKeywords.groovy:212)&#xD;
	at com.kms.katalon.core.webservice.keyword.WSBuiltInKeywords$verifyResponseStatusCode$0.call(Unknown Source)&#xD;
	at WSVerification1568806016800.run(WSVerification1568806016800:15)&#xD;
	at com.kms.katalon.core.main.ScriptEngine.run(ScriptEngine.java:194)&#xD;
	at com.kms.katalon.core.main.ScriptEngine.runScriptAsRawText(ScriptEngine.java:119)&#xD;
	at com.kms.katalon.core.main.WSVerificationExecutor.runScript(WSVerificationExecutor.java:146)&#xD;
	at com.kms.katalon.core.main.WSVerificationExecutor.doExecute(WSVerificationExecutor.java:140)&#xD;
	at com.kms.katalon.core.main.WSVerificationExecutor.processExecutionPhase(WSVerificationExecutor.java:123)&#xD;
	at com.kms.katalon.core.main.WSVerificationExecutor.accessMainPhase(WSVerificationExecutor.java:115)&#xD;
	at com.kms.katalon.core.main.WSVerificationExecutor.execute(WSVerificationExecutor.java:103)&#xD;
	at com.kms.katalon.core.main.TestCaseMain.runWSVerificationScript(TestCaseMain.java:127)&#xD;
	at com.kms.katalon.core.webservice.keyword.builtin.SendRequestAndVerifyKeyword$_sendRequestAndVerify_closure1.doCall(SendRequestAndVerifyKeyword.groovy:55)&#xD;
	at com.kms.katalon.core.webservice.keyword.builtin.SendRequestAndVerifyKeyword$_sendRequestAndVerify_closure1.call(SendRequestAndVerifyKeyword.groovy)&#xD;
	at com.kms.katalon.core.keyword.internal.KeywordMain.runKeyword(KeywordMain.groovy:68)&#xD;
	at com.kms.katalon.core.webservice.keyword.builtin.SendRequestAndVerifyKeyword.sendRequestAndVerify(SendRequestAndVerifyKeyword.groovy:43)&#xD;
	at com.kms.katalon.core.webservice.keyword.builtin.SendRequestAndVerifyKeyword.execute(SendRequestAndVerifyKeyword.groovy:38)&#xD;
	at com.kms.katalon.core.keyword.internal.KeywordExecutor.executeKeywordForPlatform(KeywordExecutor.groovy:56)&#xD;
	at com.kms.katalon.core.webservice.keyword.WSBuiltInKeywords.sendRequestAndVerify(WSBuiltInKeywords.groovy:65)&#xD;
	at com.kms.katalon.core.webservice.keyword.WSBuiltInKeywords$sendRequestAndVerify.call(Unknown Source)&#xD;
	at a.ValidateMobileNumber_Test.run(a.ValidateMobileNumber_Test:16)&#xD;
	at com.kms.katalon.core.main.ScriptEngine.run(ScriptEngine.java:194)&#xD;
	at com.kms.katalon.core.main.ScriptEngine.runScriptAsRawText(ScriptEngine.java:119)&#xD;
	at com.kms.katalon.core.main.TestCaseExecutor.runScript(TestCaseExecutor.java:337)&#xD;
	at com.kms.katalon.core.main.TestCaseExecutor.doExecute(TestCaseExecutor.java:328)&#xD;
	at com.kms.katalon.core.main.TestCaseExecutor.processExecutionPhase(TestCaseExecutor.java:307)&#xD;
	at com.kms.katalon.core.main.TestCaseExecutor.accessMainPhase(TestCaseExecutor.java:299)&#xD;
	at com.kms.katalon.core.main.TestCaseExecutor.execute(TestCaseExecutor.java:233)&#xD;
	at com.kms.katalon.core.main.TestSuiteExecutor.accessTestCaseMainPhase(TestSuiteExecutor.java:169)&#xD;
	at com.kms.katalon.core.main.TestSuiteExecutor.accessTestSuiteMainPhase(TestSuiteExecutor.java:142)&#xD;
	at com.kms.katalon.core.main.TestSuiteExecutor.execute(TestSuiteExecutor.java:91)&#xD;
	at com.kms.katalon.core.main.TestCaseMain.startTestSuite(TestCaseMain.java:157)&#xD;
	at com.kms.katalon.core.main.TestCaseMain$startTestSuite$0.call(Unknown Source)&#xD;
	at TempTestSuite1568806007179.run(TempTestSuite1568806007179.groovy:35)&#xD;
&#xD;
&#xD;
2019-09-18 16:56:52 - [TEST_STEP][FAILED] - response = sendRequestAndVerify(findTestObject("aValidate Mobile Number")): Unable to send request and verify the response (Root cause: com.kms.katalon.core.exception.StepFailedException: Verification failed&#xD;
	at com.kms.katalon.core.webservice.keyword.builtin.SendRequestAndVerifyKeyword$_sendRequestAndVerify_closure1.doCall(SendRequestAndVerifyKeyword.groovy:59)&#xD;
	at com.kms.katalon.core.webservice.keyword.builtin.SendRequestAndVerifyKeyword$_sendRequestAndVerify_closure1.call(SendRequestAndVerifyKeyword.groovy)&#xD;
	at com.kms.katalon.core.keyword.internal.KeywordMain.runKeyword(KeywordMain.groovy:68)&#xD;
	at com.kms.katalon.core.webservice.keyword.builtin.SendRequestAndVerifyKeyword.sendRequestAndVerify(SendRequestAndVerifyKeyword.groovy:43)&#xD;
	at com.kms.katalon.core.webservice.keyword.builtin.SendRequestAndVerifyKeyword.execute(SendRequestAndVerifyKeyword.groovy:38)&#xD;
	at com.kms.katalon.core.keyword.internal.KeywordExecutor.executeKeywordForPlatform(KeywordExecutor.groovy:56)&#xD;
	at com.kms.katalon.core.webservice.keyword.WSBuiltInKeywords.sendRequestAndVerify(WSBuiltInKeywords.groovy:65)&#xD;
	at com.kms.katalon.core.webservice.keyword.WSBuiltInKeywords$sendRequestAndVerify.call(Unknown Source)&#xD;
	at a.ValidateMobileNumber_Test.run(a.ValidateMobileNumber_Test:16)&#xD;
	at com.kms.katalon.core.main.ScriptEngine.run(ScriptEngine.java:194)&#xD;
	at com.kms.katalon.core.main.ScriptEngine.runScriptAsRawText(ScriptEngine.java:119)&#xD;
	at com.kms.katalon.core.main.TestCaseExecutor.runScript(TestCaseExecutor.java:337)&#xD;
	at com.kms.katalon.core.main.TestCaseExecutor.doExecute(TestCaseExecutor.java:328)&#xD;
	at com.kms.katalon.core.main.TestCaseExecutor.processExecutionPhase(TestCaseExecutor.java:307)&#xD;
	at com.kms.katalon.core.main.TestCaseExecutor.accessMainPhase(TestCaseExecutor.java:299)&#xD;
	at com.kms.katalon.core.main.TestCaseExecutor.execute(TestCaseExecutor.java:233)&#xD;
	at com.kms.katalon.core.main.TestSuiteExecutor.accessTestCaseMainPhase(TestSuiteExecutor.java:169)&#xD;
	at com.kms.katalon.core.main.TestSuiteExecutor.accessTestSuiteMainPhase(TestSuiteExecutor.java:142)&#xD;
	at com.kms.katalon.core.main.TestSuiteExecutor.execute(TestSuiteExecutor.java:91)&#xD;
	at com.kms.katalon.core.main.TestCaseMain.startTestSuite(TestCaseMain.java:157)&#xD;
	at com.kms.katalon.core.main.TestCaseMain$startTestSuite$0.call(Unknown Source)&#xD;
	at TempTestSuite1568806007179.run(TempTestSuite1568806007179.groovy:35)&#xD;
)&#xD;
&#xD;
2019-09-18 16:56:56 - [MESSAGE][INFO] - HAR: C:\Users\rajesh.veeranna\Katalon Studio\SmartIndonasia\Reports\20190918_165647\SMARTINDONASIA_API_SmokeTest\20190918_165647\requests\main\0.har&#xD;
&#xD;
2019-09-18 16:56:56 - [TEST_CASE][FAILED] - Start Test Case : Verification: Verification FAILED.
Reason:
com.kms.katalon.core.exception.StepFailedException: Expected status code is '200' but actual status code is '404'&#xD;
	at com.kms.katalon.core.keyword.internal.KeywordMain.stepFailed(KeywordMain.groovy:50)&#xD;
	at com.kms.katalon.core.webservice.keyword.builtin.VerifyResponseStatusCodeKeyword.verifyStatusCode(VerifyResponseStatusCodeKeyword.groovy:52)&#xD;
	at com.kms.katalon.core.webservice.keyword.builtin.VerifyResponseStatusCodeKeyword$_verifyResponseStatusCode_closure1.doCall(VerifyResponseStatusCodeKeyword.groovy:42)&#xD;
	at com.kms.katalon.core.webservice.keyword.builtin.VerifyResponseStatusCodeKeyword$_verifyResponseStatusCode_closure1.call(VerifyResponseStatusCodeKeyword.groovy)&#xD;
	at com.kms.katalon.core.keyword.internal.KeywordMain.runKeyword(KeywordMain.groovy:68)&#xD;
	at com.kms.katalon.core.webservice.keyword.builtin.VerifyResponseStatusCodeKeyword.verifyResponseStatusCode(VerifyResponseStatusCodeKeyword.groovy:37)&#xD;
	at com.kms.katalon.core.webservice.keyword.builtin.VerifyResponseStatusCodeKeyword.execute(VerifyResponseStatusCodeKeyword.groovy:32)&#xD;
	at com.kms.katalon.core.keyword.internal.KeywordExecutor.executeKeywordForPlatform(KeywordExecutor.groovy:56)&#xD;
	at com.kms.katalon.core.webservice.keyword.WSBuiltInKeywords.verifyResponseStatusCode(WSBuiltInKeywords.groovy:212)&#xD;
	at com.kms.katalon.core.webservice.keyword.WSBuiltInKeywords$verifyResponseStatusCode$0.call(Unknown Source)&#xD;
	at WSVerification1568806016800.run(WSVerification1568806016800:15)&#xD;
	at com.kms.katalon.core.main.ScriptEngine.run(ScriptEngine.java:194)&#xD;
	at com.kms.katalon.core.main.ScriptEngine.runScriptAsRawText(ScriptEngine.java:119)&#xD;
	at com.kms.katalon.core.main.WSVerificationExecutor.runScript(WSVerificationExecutor.java:146)&#xD;
	at com.kms.katalon.core.main.WSVerificationExecutor.doExecute(WSVerificationExecutor.java:140)&#xD;
	at com.kms.katalon.core.main.WSVerificationExecutor.processExecutionPhase(WSVerificationExecutor.java:123)&#xD;
	at com.kms.katalon.core.main.WSVerificationExecutor.accessMainPhase(WSVerificationExecutor.java:115)&#xD;
	at com.kms.katalon.core.main.WSVerificationExecutor.execute(WSVerificationExecutor.java:103)&#xD;
	at com.kms.katalon.core.main.TestCaseMain.runWSVerificationScript(TestCaseMain.java:127)&#xD;
	at com.kms.katalon.core.webservice.keyword.builtin.SendRequestAndVerifyKeyword$_sendRequestAndVerify_closure1.doCall(SendRequestAndVerifyKeyword.groovy:55)&#xD;
	at com.kms.katalon.core.webservice.keyword.builtin.SendRequestAndVerifyKeyword$_sendRequestAndVerify_closure1.call(SendRequestAndVerifyKeyword.groovy)&#xD;
	at com.kms.katalon.core.keyword.internal.KeywordMain.runKeyword(KeywordMain.groovy:68)&#xD;
	at com.kms.katalon.core.webservice.keyword.builtin.SendRequestAndVerifyKeyword.sendRequestAndVerify(SendRequestAndVerifyKeyword.groovy:43)&#xD;
	at com.kms.katalon.core.webservice.keyword.builtin.SendRequestAndVerifyKeyword.execute(SendRequestAndVerifyKeyword.groovy:38)&#xD;
	at com.kms.katalon.core.keyword.internal.KeywordExecutor.executeKeywordForPlatform(KeywordExecutor.groovy:56)&#xD;
	at com.kms.katalon.core.webservice.keyword.WSBuiltInKeywords.sendRequestAndVerify(WSBuiltInKeywords.groovy:65)&#xD;
	at com.kms.katalon.core.webservice.keyword.WSBuiltInKeywords$sendRequestAndVerify.call(Unknown Source)&#xD;
	at a.ValidateMobileNumber_Test.run(a.ValidateMobileNumber_Test:16)&#xD;
	at com.kms.katalon.core.main.ScriptEngine.run(ScriptEngine.java:194)&#xD;
	at com.kms.katalon.core.main.ScriptEngine.runScriptAsRawText(ScriptEngine.java:119)&#xD;
	at com.kms.katalon.core.main.TestCaseExecutor.runScript(TestCaseExecutor.java:337)&#xD;
	at com.kms.katalon.core.main.TestCaseExecutor.doExecute(TestCaseExecutor.java:328)&#xD;
	at com.kms.katalon.core.main.TestCaseExecutor.processExecutionPhase(TestCaseExecutor.java:307)&#xD;
	at com.kms.katalon.core.main.TestCaseExecutor.accessMainPhase(TestCaseExecutor.java:299)&#xD;
	at com.kms.katalon.core.main.TestCaseExecutor.execute(TestCaseExecutor.java:233)&#xD;
	at com.kms.katalon.core.main.TestSuiteExecutor.accessTestCaseMainPhase(TestSuiteExecutor.java:169)&#xD;
	at com.kms.katalon.core.main.TestSuiteExecutor.accessTestSuiteMainPhase(TestSuiteExecutor.java:142)&#xD;
	at com.kms.katalon.core.main.TestSuiteExecutor.execute(TestSuiteExecutor.java:91)&#xD;
	at com.kms.katalon.core.main.TestCaseMain.startTestSuite(TestCaseMain.java:157)&#xD;
	at com.kms.katalon.core.main.TestCaseMain$startTestSuite$0.call(Unknown Source)&#xD;
	at TempTestSuite1568806007179.run(TempTestSuite1568806007179.groovy:35)&#xD;
&#xD;
&#xD;
2019-09-18 16:56:57 - [TEST_STEP][PASSED] - request = getInstance().getCurrentRequest(): null&#xD;
&#xD;
2019-09-18 16:56:57 - [TEST_STEP][PASSED] - response = getInstance().getCurrentResponse(): null&#xD;
&#xD;
2019-09-18 16:56:57 - [TEST_STEP][FAILED] - verifyResponseStatusCode(response, 200): Unable to verify response status code (Root cause: com.kms.katalon.core.exception.StepFailedException: Expected status code is '200' but actual status code is '404'&#xD;
	at com.kms.katalon.core.keyword.internal.KeywordMain.stepFailed(KeywordMain.groovy:50)&#xD;
	at com.kms.katalon.core.webservice.keyword.builtin.VerifyResponseStatusCodeKeyword.verifyStatusCode(VerifyResponseStatusCodeKeyword.groovy:52)&#xD;
	at com.kms.katalon.core.webservice.keyword.builtin.VerifyResponseStatusCodeKeyword$_verifyResponseStatusCode_closure1.doCall(VerifyResponseStatusCodeKeyword.groovy:42)&#xD;
	at com.kms.katalon.core.webservice.keyword.builtin.VerifyResponseStatusCodeKeyword$_verifyResponseStatusCode_closure1.call(VerifyResponseStatusCodeKeyword.groovy)&#xD;
	at com.kms.katalon.core.keyword.internal.KeywordMain.runKeyword(KeywordMain.groovy:68)&#xD;
	at com.kms.katalon.core.webservice.keyword.builtin.VerifyResponseStatusCodeKeyword.verifyResponseStatusCode(VerifyResponseStatusCodeKeyword.groovy:37)&#xD;
	at com.kms.katalon.core.webservice.keyword.builtin.VerifyResponseStatusCodeKeyword.execute(VerifyResponseStatusCodeKeyword.groovy:32)&#xD;
	at com.kms.katalon.core.keyword.internal.KeywordExecutor.executeKeywordForPlatform(KeywordExecutor.groovy:56)&#xD;
	at com.kms.katalon.core.webservice.keyword.WSBuiltInKeywords.verifyResponseStatusCode(WSBuiltInKeywords.groovy:212)&#xD;
	at com.kms.katalon.core.webservice.keyword.WSBuiltInKeywords$verifyResponseStatusCode$0.call(Unknown Source)&#xD;
	at WSVerification1568806016800.run(WSVerification1568806016800:15)&#xD;
	at com.kms.katalon.core.main.ScriptEngine.run(ScriptEngine.java:194)&#xD;
	at com.kms.katalon.core.main.ScriptEngine.runScriptAsRawText(ScriptEngine.java:119)&#xD;
	at com.kms.katalon.core.main.WSVerificationExecutor.runScript(WSVerificationExecutor.java:146)&#xD;
	at com.kms.katalon.core.main.WSVerificationExecutor.doExecute(WSVerificationExecutor.java:140)&#xD;
	at com.kms.katalon.core.main.WSVerificationExecutor.processExecutionPhase(WSVerificationExecutor.java:123)&#xD;
	at com.kms.katalon.core.main.WSVerificationExecutor.accessMainPhase(WSVerificationExecutor.java:115)&#xD;
	at com.kms.katalon.core.main.WSVerificationExecutor.execute(WSVerificationExecutor.java:103)&#xD;
	at com.kms.katalon.core.main.TestCaseMain.runWSVerificationScript(TestCaseMain.java:127)&#xD;
	at com.kms.katalon.core.webservice.keyword.builtin.SendRequestAndVerifyKeyword$_sendRequestAndVerify_closure1.doCall(SendRequestAndVerifyKeyword.groovy:55)&#xD;
	at com.kms.katalon.core.webservice.keyword.builtin.SendRequestAndVerifyKeyword$_sendRequestAndVerify_closure1.call(SendRequestAndVerifyKeyword.groovy)&#xD;
	at com.kms.katalon.core.keyword.internal.KeywordMain.runKeyword(KeywordMain.groovy:68)&#xD;
	at com.kms.katalon.core.webservice.keyword.builtin.SendRequestAndVerifyKeyword.sendRequestAndVerify(SendRequestAndVerifyKeyword.groovy:43)&#xD;
	at com.kms.katalon.core.webservice.keyword.builtin.SendRequestAndVerifyKeyword.execute(SendRequestAndVerifyKeyword.groovy:38)&#xD;
	at com.kms.katalon.core.keyword.internal.KeywordExecutor.executeKeywordForPlatform(KeywordExecutor.groovy:56)&#xD;
	at com.kms.katalon.core.webservice.keyword.WSBuiltInKeywords.sendRequestAndVerify(WSBuiltInKeywords.groovy:65)&#xD;
	at com.kms.katalon.core.webservice.keyword.WSBuiltInKeywords$sendRequestAndVerify.call(Unknown Source)&#xD;
	at a.ValidateMobileNumber_Test.run(a.ValidateMobileNumber_Test:16)&#xD;
	at com.kms.katalon.core.main.ScriptEngine.run(ScriptEngine.java:194)&#xD;
	at com.kms.katalon.core.main.ScriptEngine.runScriptAsRawText(ScriptEngine.java:119)&#xD;
	at com.kms.katalon.core.main.TestCaseExecutor.runScript(TestCaseExecutor.java:337)&#xD;
	at com.kms.katalon.core.main.TestCaseExecutor.doExecute(TestCaseExecutor.java:328)&#xD;
	at com.kms.katalon.core.main.TestCaseExecutor.processExecutionPhase(TestCaseExecutor.java:307)&#xD;
	at com.kms.katalon.core.main.TestCaseExecutor.accessMainPhase(TestCaseExecutor.java:299)&#xD;
	at com.kms.katalon.core.main.TestCaseExecutor.execute(TestCaseExecutor.java:233)&#xD;
	at com.kms.katalon.core.main.TestSuiteExecutor.accessTestCaseMainPhase(TestSuiteExecutor.java:169)&#xD;
	at com.kms.katalon.core.main.TestSuiteExecutor.accessTestSuiteMainPhase(TestSuiteExecutor.java:142)&#xD;
	at com.kms.katalon.core.main.TestSuiteExecutor.execute(TestSuiteExecutor.java:91)&#xD;
	at com.kms.katalon.core.main.TestCaseMain.startTestSuite(TestCaseMain.java:157)&#xD;
	at com.kms.katalon.core.main.TestCaseMain$startTestSuite$0.call(Unknown Source)&#xD;
	at TempTestSuite1568806007179.run(TempTestSuite1568806007179.groovy:35)&#xD;
)&#xD;
&#xD;
2019-09-18 16:56:57 - [MESSAGE][FAILED] - Expected status code is '200' but actual status code is '404'&#xD;
&#xD;
2019-09-18 16:56:57 - [MESSAGE][FAILED] - Unable to verify response status code (Root cause: com.kms.katalon.core.exception.StepFailedException: Expected status code is '200' but actual status code is '404'&#xD;
	at com.kms.katalon.core.keyword.internal.KeywordMain.stepFailed(KeywordMain.groovy:50)&#xD;
	at com.kms.katalon.core.webservice.keyword.builtin.VerifyResponseStatusCodeKeyword.verifyStatusCode(VerifyResponseStatusCodeKeyword.groovy:52)&#xD;
	at com.kms.katalon.core.webservice.keyword.builtin.VerifyResponseStatusCodeKeyword$_verifyResponseStatusCode_closure1.doCall(VerifyResponseStatusCodeKeyword.groovy:42)&#xD;
	at com.kms.katalon.core.webservice.keyword.builtin.VerifyResponseStatusCodeKeyword$_verifyResponseStatusCode_closure1.call(VerifyResponseStatusCodeKeyword.groovy)&#xD;
	at com.kms.katalon.core.keyword.internal.KeywordMain.runKeyword(KeywordMain.groovy:68)&#xD;
	at com.kms.katalon.core.webservice.keyword.builtin.VerifyResponseStatusCodeKeyword.verifyResponseStatusCode(VerifyResponseStatusCodeKeyword.groovy:37)&#xD;
	at com.kms.katalon.core.webservice.keyword.builtin.VerifyResponseStatusCodeKeyword.execute(VerifyResponseStatusCodeKeyword.groovy:32)&#xD;
	at com.kms.katalon.core.keyword.internal.KeywordExecutor.executeKeywordForPlatform(KeywordExecutor.groovy:56)&#xD;
	at com.kms.katalon.core.webservice.keyword.WSBuiltInKeywords.verifyResponseStatusCode(WSBuiltInKeywords.groovy:212)&#xD;
	at com.kms.katalon.core.webservice.keyword.WSBuiltInKeywords$verifyResponseStatusCode$0.call(Unknown Source)&#xD;
	at WSVerification1568806016800.run(WSVerification1568806016800:15)&#xD;
	at com.kms.katalon.core.main.ScriptEngine.run(ScriptEngine.java:194)&#xD;
	at com.kms.katalon.core.main.ScriptEngine.runScriptAsRawText(ScriptEngine.java:119)&#xD;
	at com.kms.katalon.core.main.WSVerificationExecutor.runScript(WSVerificationExecutor.java:146)&#xD;
	at com.kms.katalon.core.main.WSVerificationExecutor.doExecute(WSVerificationExecutor.java:140)&#xD;
	at com.kms.katalon.core.main.WSVerificationExecutor.processExecutionPhase(WSVerificationExecutor.java:123)&#xD;
	at com.kms.katalon.core.main.WSVerificationExecutor.accessMainPhase(WSVerificationExecutor.java:115)&#xD;
	at com.kms.katalon.core.main.WSVerificationExecutor.execute(WSVerificationExecutor.java:103)&#xD;
	at com.kms.katalon.core.main.TestCaseMain.runWSVerificationScript(TestCaseMain.java:127)&#xD;
	at com.kms.katalon.core.webservice.keyword.builtin.SendRequestAndVerifyKeyword$_sendRequestAndVerify_closure1.doCall(SendRequestAndVerifyKeyword.groovy:55)&#xD;
	at com.kms.katalon.core.webservice.keyword.builtin.SendRequestAndVerifyKeyword$_sendRequestAndVerify_closure1.call(SendRequestAndVerifyKeyword.groovy)&#xD;
	at com.kms.katalon.core.keyword.internal.KeywordMain.runKeyword(KeywordMain.groovy:68)&#xD;
	at com.kms.katalon.core.webservice.keyword.builtin.SendRequestAndVerifyKeyword.sendRequestAndVerify(SendRequestAndVerifyKeyword.groovy:43)&#xD;
	at com.kms.katalon.core.webservice.keyword.builtin.SendRequestAndVerifyKeyword.execute(SendRequestAndVerifyKeyword.groovy:38)&#xD;
	at com.kms.katalon.core.keyword.internal.KeywordExecutor.executeKeywordForPlatform(KeywordExecutor.groovy:56)&#xD;
	at com.kms.katalon.core.webservice.keyword.WSBuiltInKeywords.sendRequestAndVerify(WSBuiltInKeywords.groovy:65)&#xD;
	at com.kms.katalon.core.webservice.keyword.WSBuiltInKeywords$sendRequestAndVerify.call(Unknown Source)&#xD;
	at a.ValidateMobileNumber_Test.run(a.ValidateMobileNumber_Test:16)&#xD;
	at com.kms.katalon.core.main.ScriptEngine.run(ScriptEngine.java:194)&#xD;
	at com.kms.katalon.core.main.ScriptEngine.runScriptAsRawText(ScriptEngine.java:119)&#xD;
	at com.kms.katalon.core.main.TestCaseExecutor.runScript(TestCaseExecutor.java:337)&#xD;
	at com.kms.katalon.core.main.TestCaseExecutor.doExecute(TestCaseExecutor.java:328)&#xD;
	at com.kms.katalon.core.main.TestCaseExecutor.processExecutionPhase(TestCaseExecutor.java:307)&#xD;
	at com.kms.katalon.core.main.TestCaseExecutor.accessMainPhase(TestCaseExecutor.java:299)&#xD;
	at com.kms.katalon.core.main.TestCaseExecutor.execute(TestCaseExecutor.java:233)&#xD;
	at com.kms.katalon.core.main.TestSuiteExecutor.accessTestCaseMainPhase(TestSuiteExecutor.java:169)&#xD;
	at com.kms.katalon.core.main.TestSuiteExecutor.accessTestSuiteMainPhase(TestSuiteExecutor.java:142)&#xD;
	at com.kms.katalon.core.main.TestSuiteExecutor.execute(TestSuiteExecutor.java:91)&#xD;
	at com.kms.katalon.core.main.TestCaseMain.startTestSuite(TestCaseMain.java:157)&#xD;
	at com.kms.katalon.core.main.TestCaseMain$startTestSuite$0.call(Unknown Source)&#xD;
	at TempTestSuite1568806007179.run(TempTestSuite1568806007179.groovy:35)&#xD;
)&#xD;
&#xD;
2019-09-18 16:56:57 - [MESSAGE][FAILED] - Unable to send request and verify the response (Root cause: com.kms.katalon.core.exception.StepFailedException: Verification failed&#xD;
	at com.kms.katalon.core.webservice.keyword.builtin.SendRequestAndVerifyKeyword$_sendRequestAndVerify_closure1.doCall(SendRequestAndVerifyKeyword.groovy:59)&#xD;
	at com.kms.katalon.core.webservice.keyword.builtin.SendRequestAndVerifyKeyword$_sendRequestAndVerify_closure1.call(SendRequestAndVerifyKeyword.groovy)&#xD;
	at com.kms.katalon.core.keyword.internal.KeywordMain.runKeyword(KeywordMain.groovy:68)&#xD;
	at com.kms.katalon.core.webservice.keyword.builtin.SendRequestAndVerifyKeyword.sendRequestAndVerify(SendRequestAndVerifyKeyword.groovy:43)&#xD;
	at com.kms.katalon.core.webservice.keyword.builtin.SendRequestAndVerifyKeyword.execute(SendRequestAndVerifyKeyword.groovy:38)&#xD;
	at com.kms.katalon.core.keyword.internal.KeywordExecutor.executeKeywordForPlatform(KeywordExecutor.groovy:56)&#xD;
	at com.kms.katalon.core.webservice.keyword.WSBuiltInKeywords.sendRequestAndVerify(WSBuiltInKeywords.groovy:65)&#xD;
	at com.kms.katalon.core.webservice.keyword.WSBuiltInKeywords$sendRequestAndVerify.call(Unknown Source)&#xD;
	at a.ValidateMobileNumber_Test.run(a.ValidateMobileNumber_Test:16)&#xD;
	at com.kms.katalon.core.main.ScriptEngine.run(ScriptEngine.java:194)&#xD;
	at com.kms.katalon.core.main.ScriptEngine.runScriptAsRawText(ScriptEngine.java:119)&#xD;
	at com.kms.katalon.core.main.TestCaseExecutor.runScript(TestCaseExecutor.java:337)&#xD;
	at com.kms.katalon.core.main.TestCaseExecutor.doExecute(TestCaseExecutor.java:328)&#xD;
	at com.kms.katalon.core.main.TestCaseExecutor.processExecutionPhase(TestCaseExecutor.java:307)&#xD;
	at com.kms.katalon.core.main.TestCaseExecutor.accessMainPhase(TestCaseExecutor.java:299)&#xD;
	at com.kms.katalon.core.main.TestCaseExecutor.execute(TestCaseExecutor.java:233)&#xD;
	at com.kms.katalon.core.main.TestSuiteExecutor.accessTestCaseMainPhase(TestSuiteExecutor.java:169)&#xD;
	at com.kms.katalon.core.main.TestSuiteExecutor.accessTestSuiteMainPhase(TestSuiteExecutor.java:142)&#xD;
	at com.kms.katalon.core.main.TestSuiteExecutor.execute(TestSuiteExecutor.java:91)&#xD;
	at com.kms.katalon.core.main.TestCaseMain.startTestSuite(TestCaseMain.java:157)&#xD;
	at com.kms.katalon.core.main.TestCaseMain$startTestSuite$0.call(Unknown Source)&#xD;
	at TempTestSuite1568806007179.run(TempTestSuite1568806007179.groovy:35)&#xD;
)</system-out>
            <system-err>2019-09-18 16:56:52 - [TEST_CASE][FAILED] - Test Cases/a.ValidateMobileNumber_Test: Test Cases/a.ValidateMobileNumber_Test FAILED.
Reason:
com.kms.katalon.core.exception.StepFailedException: Expected status code is '200' but actual status code is '404'&#xD;
	at com.kms.katalon.core.keyword.internal.KeywordMain.stepFailed(KeywordMain.groovy:50)&#xD;
	at com.kms.katalon.core.webservice.keyword.builtin.VerifyResponseStatusCodeKeyword.verifyStatusCode(VerifyResponseStatusCodeKeyword.groovy:52)&#xD;
	at com.kms.katalon.core.webservice.keyword.builtin.VerifyResponseStatusCodeKeyword$_verifyResponseStatusCode_closure1.doCall(VerifyResponseStatusCodeKeyword.groovy:42)&#xD;
	at com.kms.katalon.core.webservice.keyword.builtin.VerifyResponseStatusCodeKeyword$_verifyResponseStatusCode_closure1.call(VerifyResponseStatusCodeKeyword.groovy)&#xD;
	at com.kms.katalon.core.keyword.internal.KeywordMain.runKeyword(KeywordMain.groovy:68)&#xD;
	at com.kms.katalon.core.webservice.keyword.builtin.VerifyResponseStatusCodeKeyword.verifyResponseStatusCode(VerifyResponseStatusCodeKeyword.groovy:37)&#xD;
	at com.kms.katalon.core.webservice.keyword.builtin.VerifyResponseStatusCodeKeyword.execute(VerifyResponseStatusCodeKeyword.groovy:32)&#xD;
	at com.kms.katalon.core.keyword.internal.KeywordExecutor.executeKeywordForPlatform(KeywordExecutor.groovy:56)&#xD;
	at com.kms.katalon.core.webservice.keyword.WSBuiltInKeywords.verifyResponseStatusCode(WSBuiltInKeywords.groovy:212)&#xD;
	at com.kms.katalon.core.webservice.keyword.WSBuiltInKeywords$verifyResponseStatusCode$0.call(Unknown Source)&#xD;
	at WSVerification1568806016800.run(WSVerification1568806016800:15)&#xD;
	at com.kms.katalon.core.main.ScriptEngine.run(ScriptEngine.java:194)&#xD;
	at com.kms.katalon.core.main.ScriptEngine.runScriptAsRawText(ScriptEngine.java:119)&#xD;
	at com.kms.katalon.core.main.WSVerificationExecutor.runScript(WSVerificationExecutor.java:146)&#xD;
	at com.kms.katalon.core.main.WSVerificationExecutor.doExecute(WSVerificationExecutor.java:140)&#xD;
	at com.kms.katalon.core.main.WSVerificationExecutor.processExecutionPhase(WSVerificationExecutor.java:123)&#xD;
	at com.kms.katalon.core.main.WSVerificationExecutor.accessMainPhase(WSVerificationExecutor.java:115)&#xD;
	at com.kms.katalon.core.main.WSVerificationExecutor.execute(WSVerificationExecutor.java:103)&#xD;
	at com.kms.katalon.core.main.TestCaseMain.runWSVerificationScript(TestCaseMain.java:127)&#xD;
	at com.kms.katalon.core.webservice.keyword.builtin.SendRequestAndVerifyKeyword$_sendRequestAndVerify_closure1.doCall(SendRequestAndVerifyKeyword.groovy:55)&#xD;
	at com.kms.katalon.core.webservice.keyword.builtin.SendRequestAndVerifyKeyword$_sendRequestAndVerify_closure1.call(SendRequestAndVerifyKeyword.groovy)&#xD;
	at com.kms.katalon.core.keyword.internal.KeywordMain.runKeyword(KeywordMain.groovy:68)&#xD;
	at com.kms.katalon.core.webservice.keyword.builtin.SendRequestAndVerifyKeyword.sendRequestAndVerify(SendRequestAndVerifyKeyword.groovy:43)&#xD;
	at com.kms.katalon.core.webservice.keyword.builtin.SendRequestAndVerifyKeyword.execute(SendRequestAndVerifyKeyword.groovy:38)&#xD;
	at com.kms.katalon.core.keyword.internal.KeywordExecutor.executeKeywordForPlatform(KeywordExecutor.groovy:56)&#xD;
	at com.kms.katalon.core.webservice.keyword.WSBuiltInKeywords.sendRequestAndVerify(WSBuiltInKeywords.groovy:65)&#xD;
	at com.kms.katalon.core.webservice.keyword.WSBuiltInKeywords$sendRequestAndVerify.call(Unknown Source)&#xD;
	at a.ValidateMobileNumber_Test.run(a.ValidateMobileNumber_Test:16)&#xD;
	at com.kms.katalon.core.main.ScriptEngine.run(ScriptEngine.java:194)&#xD;
	at com.kms.katalon.core.main.ScriptEngine.runScriptAsRawText(ScriptEngine.java:119)&#xD;
	at com.kms.katalon.core.main.TestCaseExecutor.runScript(TestCaseExecutor.java:337)&#xD;
	at com.kms.katalon.core.main.TestCaseExecutor.doExecute(TestCaseExecutor.java:328)&#xD;
	at com.kms.katalon.core.main.TestCaseExecutor.processExecutionPhase(TestCaseExecutor.java:307)&#xD;
	at com.kms.katalon.core.main.TestCaseExecutor.accessMainPhase(TestCaseExecutor.java:299)&#xD;
	at com.kms.katalon.core.main.TestCaseExecutor.execute(TestCaseExecutor.java:233)&#xD;
	at com.kms.katalon.core.main.TestSuiteExecutor.accessTestCaseMainPhase(TestSuiteExecutor.java:169)&#xD;
	at com.kms.katalon.core.main.TestSuiteExecutor.accessTestSuiteMainPhase(TestSuiteExecutor.java:142)&#xD;
	at com.kms.katalon.core.main.TestSuiteExecutor.execute(TestSuiteExecutor.java:91)&#xD;
	at com.kms.katalon.core.main.TestCaseMain.startTestSuite(TestCaseMain.java:157)&#xD;
	at com.kms.katalon.core.main.TestCaseMain$startTestSuite$0.call(Unknown Source)&#xD;
	at TempTestSuite1568806007179.run(TempTestSuite1568806007179.groovy:35)</system-err>
        </testcase>
        <testcase name="Test Cases/aValidate_OTPTest" classname="Test Cases/aValidate_OTPTest" status="FAILED">
            <failure type="FAILED" message="Test Cases/aValidate_OTPTest FAILED.&#xA;Reason:&#xA;com.kms.katalon.core.exception.StepFailedException: Expected status code is '200' but actual status code is '404'&#xD;&#xA;&#x9;at com.kms.katalon.core.keyword.internal.KeywordMain.stepFailed(KeywordMain.groovy:50)&#xD;&#xA;&#x9;at com.kms.katalon.core.webservice.keyword.builtin.VerifyResponseStatusCodeKeyword.verifyStatusCode(VerifyResponseStatusCodeKeyword.groovy:52)&#xD;&#xA;&#x9;at com.kms.katalon.core.webservice.keyword.builtin.VerifyResponseStatusCodeKeyword$_verifyResponseStatusCode_closure1.doCall(VerifyResponseStatusCodeKeyword.groovy:42)&#xD;&#xA;&#x9;at com.kms.katalon.core.webservice.keyword.builtin.VerifyResponseStatusCodeKeyword$_verifyResponseStatusCode_closure1.call(VerifyResponseStatusCodeKeyword.groovy)&#xD;&#xA;&#x9;at com.kms.katalon.core.keyword.internal.KeywordMain.runKeyword(KeywordMain.groovy:68)&#xD;&#xA;&#x9;at com.kms.katalon.core.webservice.keyword.builtin.VerifyResponseStatusCodeKeyword.verifyResponseStatusCode(VerifyResponseStatusCodeKeyword.groovy:37)&#xD;&#xA;&#x9;at com.kms.katalon.core.webservice.keyword.builtin.VerifyResponseStatusCodeKeyword.execute(VerifyResponseStatusCodeKeyword.groovy:32)&#xD;&#xA;&#x9;at com.kms.katalon.core.keyword.internal.KeywordExecutor.executeKeywordForPlatform(KeywordExecutor.groovy:56)&#xD;&#xA;&#x9;at com.kms.katalon.core.webservice.keyword.WSBuiltInKeywords.verifyResponseStatusCode(WSBuiltInKeywords.groovy:212)&#xD;&#xA;&#x9;at com.kms.katalon.core.webservice.keyword.WSBuiltInKeywords$verifyResponseStatusCode$0.call(Unknown Source)&#xD;&#xA;&#x9;at WSVerification1568806019434.run(WSVerification1568806019434:15)&#xD;&#xA;&#x9;at com.kms.katalon.core.main.ScriptEngine.run(ScriptEngine.java:194)&#xD;&#xA;&#x9;at com.kms.katalon.core.main.ScriptEngine.runScriptAsRawText(ScriptEngine.java:119)&#xD;&#xA;&#x9;at com.kms.katalon.core.main.WSVerificationExecutor.runScript(WSVerificationExecutor.java:146)&#xD;&#xA;&#x9;at com.kms.katalon.core.main.WSVerificationExecutor.doExecute(WSVerificationExecutor.java:140)&#xD;&#xA;&#x9;at com.kms.katalon.core.main.WSVerificationExecutor.processExecutionPhase(WSVerificationExecutor.java:123)&#xD;&#xA;&#x9;at com.kms.katalon.core.main.WSVerificationExecutor.accessMainPhase(WSVerificationExecutor.java:115)&#xD;&#xA;&#x9;at com.kms.katalon.core.main.WSVerificationExecutor.execute(WSVerificationExecutor.java:103)&#xD;&#xA;&#x9;at com.kms.katalon.core.main.TestCaseMain.runWSVerificationScript(TestCaseMain.java:127)&#xD;&#xA;&#x9;at com.kms.katalon.core.webservice.keyword.builtin.SendRequestAndVerifyKeyword$_sendRequestAndVerify_closure1.doCall(SendRequestAndVerifyKeyword.groovy:55)&#xD;&#xA;&#x9;at com.kms.katalon.core.webservice.keyword.builtin.SendRequestAndVerifyKeyword$_sendRequestAndVerify_closure1.call(SendRequestAndVerifyKeyword.groovy)&#xD;&#xA;&#x9;at com.kms.katalon.core.keyword.internal.KeywordMain.runKeyword(KeywordMain.groovy:68)&#xD;&#xA;&#x9;at com.kms.katalon.core.webservice.keyword.builtin.SendRequestAndVerifyKeyword.sendRequestAndVerify(SendRequestAndVerifyKeyword.groovy:43)&#xD;&#xA;&#x9;at com.kms.katalon.core.webservice.keyword.builtin.SendRequestAndVerifyKeyword.execute(SendRequestAndVerifyKeyword.groovy:38)&#xD;&#xA;&#x9;at com.kms.katalon.core.keyword.internal.KeywordExecutor.executeKeywordForPlatform(KeywordExecutor.groovy:56)&#xD;&#xA;&#x9;at com.kms.katalon.core.webservice.keyword.WSBuiltInKeywords.sendRequestAndVerify(WSBuiltInKeywords.groovy:65)&#xD;&#xA;&#x9;at com.kms.katalon.core.webservice.keyword.WSBuiltInKeywords$sendRequestAndVerify.call(Unknown Source)&#xD;&#xA;&#x9;at aValidate_OTPTest.run(aValidate_OTPTest:18)&#xD;&#xA;&#x9;at com.kms.katalon.core.main.ScriptEngine.run(ScriptEngine.java:194)&#xD;&#xA;&#x9;at com.kms.katalon.core.main.ScriptEngine.runScriptAsRawText(ScriptEngine.java:119)&#xD;&#xA;&#x9;at com.kms.katalon.core.main.TestCaseExecutor.runScript(TestCaseExecutor.java:337)&#xD;&#xA;&#x9;at com.kms.katalon.core.main.TestCaseExecutor.doExecute(TestCaseExecutor.java:328)&#xD;&#xA;&#x9;at com.kms.katalon.core.main.TestCaseExecutor.processExecutionPhase(TestCaseExecutor.java:307)&#xD;&#xA;&#x9;at com.kms.katalon.core.main.TestCaseExecutor.accessMainPhase(TestCaseExecutor.java:299)&#xD;&#xA;&#x9;at com.kms.katalon.core.main.TestCaseExecutor.execute(TestCaseExecutor.java:233)&#xD;&#xA;&#x9;at com.kms.katalon.core.main.TestSuiteExecutor.accessTestCaseMainPhase(TestSuiteExecutor.java:169)&#xD;&#xA;&#x9;at com.kms.katalon.core.main.TestSuiteExecutor.accessTestSuiteMainPhase(TestSuiteExecutor.java:142)&#xD;&#xA;&#x9;at com.kms.katalon.core.main.TestSuiteExecutor.execute(TestSuiteExecutor.java:91)&#xD;&#xA;&#x9;at com.kms.katalon.core.main.TestCaseMain.startTestSuite(TestCaseMain.java:157)&#xD;&#xA;&#x9;at com.kms.katalon.core.main.TestCaseMain$startTestSuite$0.call(Unknown Source)&#xD;&#xA;&#x9;at TempTestSuite1568806007179.run(TempTestSuite1568806007179.groovy:35)&#xD;&#xA;"/>
            <system-out>2019-09-18 16:56:57 - [TEST_CASE][FAILED] - Test Cases/aValidate_OTPTest: Test Cases/aValidate_OTPTest FAILED.
Reason:
com.kms.katalon.core.exception.StepFailedException: Expected status code is '200' but actual status code is '404'&#xD;
	at com.kms.katalon.core.keyword.internal.KeywordMain.stepFailed(KeywordMain.groovy:50)&#xD;
	at com.kms.katalon.core.webservice.keyword.builtin.VerifyResponseStatusCodeKeyword.verifyStatusCode(VerifyResponseStatusCodeKeyword.groovy:52)&#xD;
	at com.kms.katalon.core.webservice.keyword.builtin.VerifyResponseStatusCodeKeyword$_verifyResponseStatusCode_closure1.doCall(VerifyResponseStatusCodeKeyword.groovy:42)&#xD;
	at com.kms.katalon.core.webservice.keyword.builtin.VerifyResponseStatusCodeKeyword$_verifyResponseStatusCode_closure1.call(VerifyResponseStatusCodeKeyword.groovy)&#xD;
	at com.kms.katalon.core.keyword.internal.KeywordMain.runKeyword(KeywordMain.groovy:68)&#xD;
	at com.kms.katalon.core.webservice.keyword.builtin.VerifyResponseStatusCodeKeyword.verifyResponseStatusCode(VerifyResponseStatusCodeKeyword.groovy:37)&#xD;
	at com.kms.katalon.core.webservice.keyword.builtin.VerifyResponseStatusCodeKeyword.execute(VerifyResponseStatusCodeKeyword.groovy:32)&#xD;
	at com.kms.katalon.core.keyword.internal.KeywordExecutor.executeKeywordForPlatform(KeywordExecutor.groovy:56)&#xD;
	at com.kms.katalon.core.webservice.keyword.WSBuiltInKeywords.verifyResponseStatusCode(WSBuiltInKeywords.groovy:212)&#xD;
	at com.kms.katalon.core.webservice.keyword.WSBuiltInKeywords$verifyResponseStatusCode$0.call(Unknown Source)&#xD;
	at WSVerification1568806019434.run(WSVerification1568806019434:15)&#xD;
	at com.kms.katalon.core.main.ScriptEngine.run(ScriptEngine.java:194)&#xD;
	at com.kms.katalon.core.main.ScriptEngine.runScriptAsRawText(ScriptEngine.java:119)&#xD;
	at com.kms.katalon.core.main.WSVerificationExecutor.runScript(WSVerificationExecutor.java:146)&#xD;
	at com.kms.katalon.core.main.WSVerificationExecutor.doExecute(WSVerificationExecutor.java:140)&#xD;
	at com.kms.katalon.core.main.WSVerificationExecutor.processExecutionPhase(WSVerificationExecutor.java:123)&#xD;
	at com.kms.katalon.core.main.WSVerificationExecutor.accessMainPhase(WSVerificationExecutor.java:115)&#xD;
	at com.kms.katalon.core.main.WSVerificationExecutor.execute(WSVerificationExecutor.java:103)&#xD;
	at com.kms.katalon.core.main.TestCaseMain.runWSVerificationScript(TestCaseMain.java:127)&#xD;
	at com.kms.katalon.core.webservice.keyword.builtin.SendRequestAndVerifyKeyword$_sendRequestAndVerify_closure1.doCall(SendRequestAndVerifyKeyword.groovy:55)&#xD;
	at com.kms.katalon.core.webservice.keyword.builtin.SendRequestAndVerifyKeyword$_sendRequestAndVerify_closure1.call(SendRequestAndVerifyKeyword.groovy)&#xD;
	at com.kms.katalon.core.keyword.internal.KeywordMain.runKeyword(KeywordMain.groovy:68)&#xD;
	at com.kms.katalon.core.webservice.keyword.builtin.SendRequestAndVerifyKeyword.sendRequestAndVerify(SendRequestAndVerifyKeyword.groovy:43)&#xD;
	at com.kms.katalon.core.webservice.keyword.builtin.SendRequestAndVerifyKeyword.execute(SendRequestAndVerifyKeyword.groovy:38)&#xD;
	at com.kms.katalon.core.keyword.internal.KeywordExecutor.executeKeywordForPlatform(KeywordExecutor.groovy:56)&#xD;
	at com.kms.katalon.core.webservice.keyword.WSBuiltInKeywords.sendRequestAndVerify(WSBuiltInKeywords.groovy:65)&#xD;
	at com.kms.katalon.core.webservice.keyword.WSBuiltInKeywords$sendRequestAndVerify.call(Unknown Source)&#xD;
	at aValidate_OTPTest.run(aValidate_OTPTest:18)&#xD;
	at com.kms.katalon.core.main.ScriptEngine.run(ScriptEngine.java:194)&#xD;
	at com.kms.katalon.core.main.ScriptEngine.runScriptAsRawText(ScriptEngine.java:119)&#xD;
	at com.kms.katalon.core.main.TestCaseExecutor.runScript(TestCaseExecutor.java:337)&#xD;
	at com.kms.katalon.core.main.TestCaseExecutor.doExecute(TestCaseExecutor.java:328)&#xD;
	at com.kms.katalon.core.main.TestCaseExecutor.processExecutionPhase(TestCaseExecutor.java:307)&#xD;
	at com.kms.katalon.core.main.TestCaseExecutor.accessMainPhase(TestCaseExecutor.java:299)&#xD;
	at com.kms.katalon.core.main.TestCaseExecutor.execute(TestCaseExecutor.java:233)&#xD;
	at com.kms.katalon.core.main.TestSuiteExecutor.accessTestCaseMainPhase(TestSuiteExecutor.java:169)&#xD;
	at com.kms.katalon.core.main.TestSuiteExecutor.accessTestSuiteMainPhase(TestSuiteExecutor.java:142)&#xD;
	at com.kms.katalon.core.main.TestSuiteExecutor.execute(TestSuiteExecutor.java:91)&#xD;
	at com.kms.katalon.core.main.TestCaseMain.startTestSuite(TestCaseMain.java:157)&#xD;
	at com.kms.katalon.core.main.TestCaseMain$startTestSuite$0.call(Unknown Source)&#xD;
	at TempTestSuite1568806007179.run(TempTestSuite1568806007179.groovy:35)&#xD;
&#xD;
&#xD;
2019-09-18 16:56:58 - [TEST_STEP][PASSED] - sendRequestAndVerify(findTestObject("aValidate OTP", ["uniqueToken":uniquetoken, "userId":userid])): Send request and verify the response successfully&#xD;
&#xD;
2019-09-18 16:56:58 - [MESSAGE][INFO] - HAR: C:\Users\rajesh.veeranna\Katalon Studio\SmartIndonasia\Reports\20190918_165647\SMARTINDONASIA_API_SmokeTest\20190918_165647\requests\main\1.har&#xD;
&#xD;
2019-09-18 16:56:58 - [TEST_CASE][PASSED] - Start Test Case : Verification: Verification accomplished successfully&#xD;
&#xD;
2019-09-18 16:56:58 - [TEST_STEP][PASSED] - request = getInstance().getCurrentRequest(): null&#xD;
&#xD;
2019-09-18 16:56:59 - [TEST_STEP][PASSED] - response = getInstance().getCurrentResponse(): null&#xD;
&#xD;
2019-09-18 16:56:59 - [MESSAGE][PASSED] - Verify response successfully&#xD;
&#xD;
2019-09-18 16:56:59 - [MESSAGE][PASSED] - Send request and verify the response successfully&#xD;
&#xD;
2019-09-18 16:56:59 - [TEST_STEP][FAILED] - response1 = sendRequestAndVerify(findTestObject("aValidate Mobile Number")): Unable to send request and verify the response (Root cause: com.kms.katalon.core.exception.StepFailedException: Verification failed&#xD;
	at com.kms.katalon.core.webservice.keyword.builtin.SendRequestAndVerifyKeyword$_sendRequestAndVerify_closure1.doCall(SendRequestAndVerifyKeyword.groovy:59)&#xD;
	at com.kms.katalon.core.webservice.keyword.builtin.SendRequestAndVerifyKeyword$_sendRequestAndVerify_closure1.call(SendRequestAndVerifyKeyword.groovy)&#xD;
	at com.kms.katalon.core.keyword.internal.KeywordMain.runKeyword(KeywordMain.groovy:68)&#xD;
	at com.kms.katalon.core.webservice.keyword.builtin.SendRequestAndVerifyKeyword.sendRequestAndVerify(SendRequestAndVerifyKeyword.groovy:43)&#xD;
	at com.kms.katalon.core.webservice.keyword.builtin.SendRequestAndVerifyKeyword.execute(SendRequestAndVerifyKeyword.groovy:38)&#xD;
	at com.kms.katalon.core.keyword.internal.KeywordExecutor.executeKeywordForPlatform(KeywordExecutor.groovy:56)&#xD;
	at com.kms.katalon.core.webservice.keyword.WSBuiltInKeywords.sendRequestAndVerify(WSBuiltInKeywords.groovy:65)&#xD;
	at com.kms.katalon.core.webservice.keyword.WSBuiltInKeywords$sendRequestAndVerify.call(Unknown Source)&#xD;
	at aValidate_OTPTest.run(aValidate_OTPTest:18)&#xD;
	at com.kms.katalon.core.main.ScriptEngine.run(ScriptEngine.java:194)&#xD;
	at com.kms.katalon.core.main.ScriptEngine.runScriptAsRawText(ScriptEngine.java:119)&#xD;
	at com.kms.katalon.core.main.TestCaseExecutor.runScript(TestCaseExecutor.java:337)&#xD;
	at com.kms.katalon.core.main.TestCaseExecutor.doExecute(TestCaseExecutor.java:328)&#xD;
	at com.kms.katalon.core.main.TestCaseExecutor.processExecutionPhase(TestCaseExecutor.java:307)&#xD;
	at com.kms.katalon.core.main.TestCaseExecutor.accessMainPhase(TestCaseExecutor.java:299)&#xD;
	at com.kms.katalon.core.main.TestCaseExecutor.execute(TestCaseExecutor.java:233)&#xD;
	at com.kms.katalon.core.main.TestSuiteExecutor.accessTestCaseMainPhase(TestSuiteExecutor.java:169)&#xD;
	at com.kms.katalon.core.main.TestSuiteExecutor.accessTestSuiteMainPhase(TestSuiteExecutor.java:142)&#xD;
	at com.kms.katalon.core.main.TestSuiteExecutor.execute(TestSuiteExecutor.java:91)&#xD;
	at com.kms.katalon.core.main.TestCaseMain.startTestSuite(TestCaseMain.java:157)&#xD;
	at com.kms.katalon.core.main.TestCaseMain$startTestSuite$0.call(Unknown Source)&#xD;
	at TempTestSuite1568806007179.run(TempTestSuite1568806007179.groovy:35)&#xD;
)&#xD;
&#xD;
2019-09-18 16:56:59 - [MESSAGE][INFO] - HAR: C:\Users\rajesh.veeranna\Katalon Studio\SmartIndonasia\Reports\20190918_165647\SMARTINDONASIA_API_SmokeTest\20190918_165647\requests\main\2.har&#xD;
&#xD;
2019-09-18 16:56:59 - [TEST_CASE][FAILED] - Start Test Case : Verification: Verification FAILED.
Reason:
com.kms.katalon.core.exception.StepFailedException: Expected status code is '200' but actual status code is '404'&#xD;
	at com.kms.katalon.core.keyword.internal.KeywordMain.stepFailed(KeywordMain.groovy:50)&#xD;
	at com.kms.katalon.core.webservice.keyword.builtin.VerifyResponseStatusCodeKeyword.verifyStatusCode(VerifyResponseStatusCodeKeyword.groovy:52)&#xD;
	at com.kms.katalon.core.webservice.keyword.builtin.VerifyResponseStatusCodeKeyword$_verifyResponseStatusCode_closure1.doCall(VerifyResponseStatusCodeKeyword.groovy:42)&#xD;
	at com.kms.katalon.core.webservice.keyword.builtin.VerifyResponseStatusCodeKeyword$_verifyResponseStatusCode_closure1.call(VerifyResponseStatusCodeKeyword.groovy)&#xD;
	at com.kms.katalon.core.keyword.internal.KeywordMain.runKeyword(KeywordMain.groovy:68)&#xD;
	at com.kms.katalon.core.webservice.keyword.builtin.VerifyResponseStatusCodeKeyword.verifyResponseStatusCode(VerifyResponseStatusCodeKeyword.groovy:37)&#xD;
	at com.kms.katalon.core.webservice.keyword.builtin.VerifyResponseStatusCodeKeyword.execute(VerifyResponseStatusCodeKeyword.groovy:32)&#xD;
	at com.kms.katalon.core.keyword.internal.KeywordExecutor.executeKeywordForPlatform(KeywordExecutor.groovy:56)&#xD;
	at com.kms.katalon.core.webservice.keyword.WSBuiltInKeywords.verifyResponseStatusCode(WSBuiltInKeywords.groovy:212)&#xD;
	at com.kms.katalon.core.webservice.keyword.WSBuiltInKeywords$verifyResponseStatusCode$0.call(Unknown Source)&#xD;
	at WSVerification1568806019434.run(WSVerification1568806019434:15)&#xD;
	at com.kms.katalon.core.main.ScriptEngine.run(ScriptEngine.java:194)&#xD;
	at com.kms.katalon.core.main.ScriptEngine.runScriptAsRawText(ScriptEngine.java:119)&#xD;
	at com.kms.katalon.core.main.WSVerificationExecutor.runScript(WSVerificationExecutor.java:146)&#xD;
	at com.kms.katalon.core.main.WSVerificationExecutor.doExecute(WSVerificationExecutor.java:140)&#xD;
	at com.kms.katalon.core.main.WSVerificationExecutor.processExecutionPhase(WSVerificationExecutor.java:123)&#xD;
	at com.kms.katalon.core.main.WSVerificationExecutor.accessMainPhase(WSVerificationExecutor.java:115)&#xD;
	at com.kms.katalon.core.main.WSVerificationExecutor.execute(WSVerificationExecutor.java:103)&#xD;
	at com.kms.katalon.core.main.TestCaseMain.runWSVerificationScript(TestCaseMain.java:127)&#xD;
	at com.kms.katalon.core.webservice.keyword.builtin.SendRequestAndVerifyKeyword$_sendRequestAndVerify_closure1.doCall(SendRequestAndVerifyKeyword.groovy:55)&#xD;
	at com.kms.katalon.core.webservice.keyword.builtin.SendRequestAndVerifyKeyword$_sendRequestAndVerify_closure1.call(SendRequestAndVerifyKeyword.groovy)&#xD;
	at com.kms.katalon.core.keyword.internal.KeywordMain.runKeyword(KeywordMain.groovy:68)&#xD;
	at com.kms.katalon.core.webservice.keyword.builtin.SendRequestAndVerifyKeyword.sendRequestAndVerify(SendRequestAndVerifyKeyword.groovy:43)&#xD;
	at com.kms.katalon.core.webservice.keyword.builtin.SendRequestAndVerifyKeyword.execute(SendRequestAndVerifyKeyword.groovy:38)&#xD;
	at com.kms.katalon.core.keyword.internal.KeywordExecutor.executeKeywordForPlatform(KeywordExecutor.groovy:56)&#xD;
	at com.kms.katalon.core.webservice.keyword.WSBuiltInKeywords.sendRequestAndVerify(WSBuiltInKeywords.groovy:65)&#xD;
	at com.kms.katalon.core.webservice.keyword.WSBuiltInKeywords$sendRequestAndVerify.call(Unknown Source)&#xD;
	at aValidate_OTPTest.run(aValidate_OTPTest:18)&#xD;
	at com.kms.katalon.core.main.ScriptEngine.run(ScriptEngine.java:194)&#xD;
	at com.kms.katalon.core.main.ScriptEngine.runScriptAsRawText(ScriptEngine.java:119)&#xD;
	at com.kms.katalon.core.main.TestCaseExecutor.runScript(TestCaseExecutor.java:337)&#xD;
	at com.kms.katalon.core.main.TestCaseExecutor.doExecute(TestCaseExecutor.java:328)&#xD;
	at com.kms.katalon.core.main.TestCaseExecutor.processExecutionPhase(TestCaseExecutor.java:307)&#xD;
	at com.kms.katalon.core.main.TestCaseExecutor.accessMainPhase(TestCaseExecutor.java:299)&#xD;
	at com.kms.katalon.core.main.TestCaseExecutor.execute(TestCaseExecutor.java:233)&#xD;
	at com.kms.katalon.core.main.TestSuiteExecutor.accessTestCaseMainPhase(TestSuiteExecutor.java:169)&#xD;
	at com.kms.katalon.core.main.TestSuiteExecutor.accessTestSuiteMainPhase(TestSuiteExecutor.java:142)&#xD;
	at com.kms.katalon.core.main.TestSuiteExecutor.execute(TestSuiteExecutor.java:91)&#xD;
	at com.kms.katalon.core.main.TestCaseMain.startTestSuite(TestCaseMain.java:157)&#xD;
	at com.kms.katalon.core.main.TestCaseMain$startTestSuite$0.call(Unknown Source)&#xD;
	at TempTestSuite1568806007179.run(TempTestSuite1568806007179.groovy:35)&#xD;
&#xD;
&#xD;
2019-09-18 16:56:59 - [TEST_STEP][PASSED] - request = getInstance().getCurrentRequest(): null&#xD;
&#xD;
2019-09-18 16:56:59 - [TEST_STEP][PASSED] - response = getInstance().getCurrentResponse(): null&#xD;
&#xD;
2019-09-18 16:56:59 - [TEST_STEP][FAILED] - verifyResponseStatusCode(response, 200): Unable to verify response status code (Root cause: com.kms.katalon.core.exception.StepFailedException: Expected status code is '200' but actual status code is '404'&#xD;
	at com.kms.katalon.core.keyword.internal.KeywordMain.stepFailed(KeywordMain.groovy:50)&#xD;
	at com.kms.katalon.core.webservice.keyword.builtin.VerifyResponseStatusCodeKeyword.verifyStatusCode(VerifyResponseStatusCodeKeyword.groovy:52)&#xD;
	at com.kms.katalon.core.webservice.keyword.builtin.VerifyResponseStatusCodeKeyword$_verifyResponseStatusCode_closure1.doCall(VerifyResponseStatusCodeKeyword.groovy:42)&#xD;
	at com.kms.katalon.core.webservice.keyword.builtin.VerifyResponseStatusCodeKeyword$_verifyResponseStatusCode_closure1.call(VerifyResponseStatusCodeKeyword.groovy)&#xD;
	at com.kms.katalon.core.keyword.internal.KeywordMain.runKeyword(KeywordMain.groovy:68)&#xD;
	at com.kms.katalon.core.webservice.keyword.builtin.VerifyResponseStatusCodeKeyword.verifyResponseStatusCode(VerifyResponseStatusCodeKeyword.groovy:37)&#xD;
	at com.kms.katalon.core.webservice.keyword.builtin.VerifyResponseStatusCodeKeyword.execute(VerifyResponseStatusCodeKeyword.groovy:32)&#xD;
	at com.kms.katalon.core.keyword.internal.KeywordExecutor.executeKeywordForPlatform(KeywordExecutor.groovy:56)&#xD;
	at com.kms.katalon.core.webservice.keyword.WSBuiltInKeywords.verifyResponseStatusCode(WSBuiltInKeywords.groovy:212)&#xD;
	at com.kms.katalon.core.webservice.keyword.WSBuiltInKeywords$verifyResponseStatusCode$0.call(Unknown Source)&#xD;
	at WSVerification1568806019434.run(WSVerification1568806019434:15)&#xD;
	at com.kms.katalon.core.main.ScriptEngine.run(ScriptEngine.java:194)&#xD;
	at com.kms.katalon.core.main.ScriptEngine.runScriptAsRawText(ScriptEngine.java:119)&#xD;
	at com.kms.katalon.core.main.WSVerificationExecutor.runScript(WSVerificationExecutor.java:146)&#xD;
	at com.kms.katalon.core.main.WSVerificationExecutor.doExecute(WSVerificationExecutor.java:140)&#xD;
	at com.kms.katalon.core.main.WSVerificationExecutor.processExecutionPhase(WSVerificationExecutor.java:123)&#xD;
	at com.kms.katalon.core.main.WSVerificationExecutor.accessMainPhase(WSVerificationExecutor.java:115)&#xD;
	at com.kms.katalon.core.main.WSVerificationExecutor.execute(WSVerificationExecutor.java:103)&#xD;
	at com.kms.katalon.core.main.TestCaseMain.runWSVerificationScript(TestCaseMain.java:127)&#xD;
	at com.kms.katalon.core.webservice.keyword.builtin.SendRequestAndVerifyKeyword$_sendRequestAndVerify_closure1.doCall(SendRequestAndVerifyKeyword.groovy:55)&#xD;
	at com.kms.katalon.core.webservice.keyword.builtin.SendRequestAndVerifyKeyword$_sendRequestAndVerify_closure1.call(SendRequestAndVerifyKeyword.groovy)&#xD;
	at com.kms.katalon.core.keyword.internal.KeywordMain.runKeyword(KeywordMain.groovy:68)&#xD;
	at com.kms.katalon.core.webservice.keyword.builtin.SendRequestAndVerifyKeyword.sendRequestAndVerify(SendRequestAndVerifyKeyword.groovy:43)&#xD;
	at com.kms.katalon.core.webservice.keyword.builtin.SendRequestAndVerifyKeyword.execute(SendRequestAndVerifyKeyword.groovy:38)&#xD;
	at com.kms.katalon.core.keyword.internal.KeywordExecutor.executeKeywordForPlatform(KeywordExecutor.groovy:56)&#xD;
	at com.kms.katalon.core.webservice.keyword.WSBuiltInKeywords.sendRequestAndVerify(WSBuiltInKeywords.groovy:65)&#xD;
	at com.kms.katalon.core.webservice.keyword.WSBuiltInKeywords$sendRequestAndVerify.call(Unknown Source)&#xD;
	at aValidate_OTPTest.run(aValidate_OTPTest:18)&#xD;
	at com.kms.katalon.core.main.ScriptEngine.run(ScriptEngine.java:194)&#xD;
	at com.kms.katalon.core.main.ScriptEngine.runScriptAsRawText(ScriptEngine.java:119)&#xD;
	at com.kms.katalon.core.main.TestCaseExecutor.runScript(TestCaseExecutor.java:337)&#xD;
	at com.kms.katalon.core.main.TestCaseExecutor.doExecute(TestCaseExecutor.java:328)&#xD;
	at com.kms.katalon.core.main.TestCaseExecutor.processExecutionPhase(TestCaseExecutor.java:307)&#xD;
	at com.kms.katalon.core.main.TestCaseExecutor.accessMainPhase(TestCaseExecutor.java:299)&#xD;
	at com.kms.katalon.core.main.TestCaseExecutor.execute(TestCaseExecutor.java:233)&#xD;
	at com.kms.katalon.core.main.TestSuiteExecutor.accessTestCaseMainPhase(TestSuiteExecutor.java:169)&#xD;
	at com.kms.katalon.core.main.TestSuiteExecutor.accessTestSuiteMainPhase(TestSuiteExecutor.java:142)&#xD;
	at com.kms.katalon.core.main.TestSuiteExecutor.execute(TestSuiteExecutor.java:91)&#xD;
	at com.kms.katalon.core.main.TestCaseMain.startTestSuite(TestCaseMain.java:157)&#xD;
	at com.kms.katalon.core.main.TestCaseMain$startTestSuite$0.call(Unknown Source)&#xD;
	at TempTestSuite1568806007179.run(TempTestSuite1568806007179.groovy:35)&#xD;
)&#xD;
&#xD;
2019-09-18 16:56:59 - [MESSAGE][FAILED] - Expected status code is '200' but actual status code is '404'&#xD;
&#xD;
2019-09-18 16:56:59 - [MESSAGE][FAILED] - Unable to verify response status code (Root cause: com.kms.katalon.core.exception.StepFailedException: Expected status code is '200' but actual status code is '404'&#xD;
	at com.kms.katalon.core.keyword.internal.KeywordMain.stepFailed(KeywordMain.groovy:50)&#xD;
	at com.kms.katalon.core.webservice.keyword.builtin.VerifyResponseStatusCodeKeyword.verifyStatusCode(VerifyResponseStatusCodeKeyword.groovy:52)&#xD;
	at com.kms.katalon.core.webservice.keyword.builtin.VerifyResponseStatusCodeKeyword$_verifyResponseStatusCode_closure1.doCall(VerifyResponseStatusCodeKeyword.groovy:42)&#xD;
	at com.kms.katalon.core.webservice.keyword.builtin.VerifyResponseStatusCodeKeyword$_verifyResponseStatusCode_closure1.call(VerifyResponseStatusCodeKeyword.groovy)&#xD;
	at com.kms.katalon.core.keyword.internal.KeywordMain.runKeyword(KeywordMain.groovy:68)&#xD;
	at com.kms.katalon.core.webservice.keyword.builtin.VerifyResponseStatusCodeKeyword.verifyResponseStatusCode(VerifyResponseStatusCodeKeyword.groovy:37)&#xD;
	at com.kms.katalon.core.webservice.keyword.builtin.VerifyResponseStatusCodeKeyword.execute(VerifyResponseStatusCodeKeyword.groovy:32)&#xD;
	at com.kms.katalon.core.keyword.internal.KeywordExecutor.executeKeywordForPlatform(KeywordExecutor.groovy:56)&#xD;
	at com.kms.katalon.core.webservice.keyword.WSBuiltInKeywords.verifyResponseStatusCode(WSBuiltInKeywords.groovy:212)&#xD;
	at com.kms.katalon.core.webservice.keyword.WSBuiltInKeywords$verifyResponseStatusCode$0.call(Unknown Source)&#xD;
	at WSVerification1568806019434.run(WSVerification1568806019434:15)&#xD;
	at com.kms.katalon.core.main.ScriptEngine.run(ScriptEngine.java:194)&#xD;
	at com.kms.katalon.core.main.ScriptEngine.runScriptAsRawText(ScriptEngine.java:119)&#xD;
	at com.kms.katalon.core.main.WSVerificationExecutor.runScript(WSVerificationExecutor.java:146)&#xD;
	at com.kms.katalon.core.main.WSVerificationExecutor.doExecute(WSVerificationExecutor.java:140)&#xD;
	at com.kms.katalon.core.main.WSVerificationExecutor.processExecutionPhase(WSVerificationExecutor.java:123)&#xD;
	at com.kms.katalon.core.main.WSVerificationExecutor.accessMainPhase(WSVerificationExecutor.java:115)&#xD;
	at com.kms.katalon.core.main.WSVerificationExecutor.execute(WSVerificationExecutor.java:103)&#xD;
	at com.kms.katalon.core.main.TestCaseMain.runWSVerificationScript(TestCaseMain.java:127)&#xD;
	at com.kms.katalon.core.webservice.keyword.builtin.SendRequestAndVerifyKeyword$_sendRequestAndVerify_closure1.doCall(SendRequestAndVerifyKeyword.groovy:55)&#xD;
	at com.kms.katalon.core.webservice.keyword.builtin.SendRequestAndVerifyKeyword$_sendRequestAndVerify_closure1.call(SendRequestAndVerifyKeyword.groovy)&#xD;
	at com.kms.katalon.core.keyword.internal.KeywordMain.runKeyword(KeywordMain.groovy:68)&#xD;
	at com.kms.katalon.core.webservice.keyword.builtin.SendRequestAndVerifyKeyword.sendRequestAndVerify(SendRequestAndVerifyKeyword.groovy:43)&#xD;
	at com.kms.katalon.core.webservice.keyword.builtin.SendRequestAndVerifyKeyword.execute(SendRequestAndVerifyKeyword.groovy:38)&#xD;
	at com.kms.katalon.core.keyword.internal.KeywordExecutor.executeKeywordForPlatform(KeywordExecutor.groovy:56)&#xD;
	at com.kms.katalon.core.webservice.keyword.WSBuiltInKeywords.sendRequestAndVerify(WSBuiltInKeywords.groovy:65)&#xD;
	at com.kms.katalon.core.webservice.keyword.WSBuiltInKeywords$sendRequestAndVerify.call(Unknown Source)&#xD;
	at aValidate_OTPTest.run(aValidate_OTPTest:18)&#xD;
	at com.kms.katalon.core.main.ScriptEngine.run(ScriptEngine.java:194)&#xD;
	at com.kms.katalon.core.main.ScriptEngine.runScriptAsRawText(ScriptEngine.java:119)&#xD;
	at com.kms.katalon.core.main.TestCaseExecutor.runScript(TestCaseExecutor.java:337)&#xD;
	at com.kms.katalon.core.main.TestCaseExecutor.doExecute(TestCaseExecutor.java:328)&#xD;
	at com.kms.katalon.core.main.TestCaseExecutor.processExecutionPhase(TestCaseExecutor.java:307)&#xD;
	at com.kms.katalon.core.main.TestCaseExecutor.accessMainPhase(TestCaseExecutor.java:299)&#xD;
	at com.kms.katalon.core.main.TestCaseExecutor.execute(TestCaseExecutor.java:233)&#xD;
	at com.kms.katalon.core.main.TestSuiteExecutor.accessTestCaseMainPhase(TestSuiteExecutor.java:169)&#xD;
	at com.kms.katalon.core.main.TestSuiteExecutor.accessTestSuiteMainPhase(TestSuiteExecutor.java:142)&#xD;
	at com.kms.katalon.core.main.TestSuiteExecutor.execute(TestSuiteExecutor.java:91)&#xD;
	at com.kms.katalon.core.main.TestCaseMain.startTestSuite(TestCaseMain.java:157)&#xD;
	at com.kms.katalon.core.main.TestCaseMain$startTestSuite$0.call(Unknown Source)&#xD;
	at TempTestSuite1568806007179.run(TempTestSuite1568806007179.groovy:35)&#xD;
)&#xD;
&#xD;
2019-09-18 16:56:59 - [MESSAGE][FAILED] - Unable to send request and verify the response (Root cause: com.kms.katalon.core.exception.StepFailedException: Verification failed&#xD;
	at com.kms.katalon.core.webservice.keyword.builtin.SendRequestAndVerifyKeyword$_sendRequestAndVerify_closure1.doCall(SendRequestAndVerifyKeyword.groovy:59)&#xD;
	at com.kms.katalon.core.webservice.keyword.builtin.SendRequestAndVerifyKeyword$_sendRequestAndVerify_closure1.call(SendRequestAndVerifyKeyword.groovy)&#xD;
	at com.kms.katalon.core.keyword.internal.KeywordMain.runKeyword(KeywordMain.groovy:68)&#xD;
	at com.kms.katalon.core.webservice.keyword.builtin.SendRequestAndVerifyKeyword.sendRequestAndVerify(SendRequestAndVerifyKeyword.groovy:43)&#xD;
	at com.kms.katalon.core.webservice.keyword.builtin.SendRequestAndVerifyKeyword.execute(SendRequestAndVerifyKeyword.groovy:38)&#xD;
	at com.kms.katalon.core.keyword.internal.KeywordExecutor.executeKeywordForPlatform(KeywordExecutor.groovy:56)&#xD;
	at com.kms.katalon.core.webservice.keyword.WSBuiltInKeywords.sendRequestAndVerify(WSBuiltInKeywords.groovy:65)&#xD;
	at com.kms.katalon.core.webservice.keyword.WSBuiltInKeywords$sendRequestAndVerify.call(Unknown Source)&#xD;
	at aValidate_OTPTest.run(aValidate_OTPTest:18)&#xD;
	at com.kms.katalon.core.main.ScriptEngine.run(ScriptEngine.java:194)&#xD;
	at com.kms.katalon.core.main.ScriptEngine.runScriptAsRawText(ScriptEngine.java:119)&#xD;
	at com.kms.katalon.core.main.TestCaseExecutor.runScript(TestCaseExecutor.java:337)&#xD;
	at com.kms.katalon.core.main.TestCaseExecutor.doExecute(TestCaseExecutor.java:328)&#xD;
	at com.kms.katalon.core.main.TestCaseExecutor.processExecutionPhase(TestCaseExecutor.java:307)&#xD;
	at com.kms.katalon.core.main.TestCaseExecutor.accessMainPhase(TestCaseExecutor.java:299)&#xD;
	at com.kms.katalon.core.main.TestCaseExecutor.execute(TestCaseExecutor.java:233)&#xD;
	at com.kms.katalon.core.main.TestSuiteExecutor.accessTestCaseMainPhase(TestSuiteExecutor.java:169)&#xD;
	at com.kms.katalon.core.main.TestSuiteExecutor.accessTestSuiteMainPhase(TestSuiteExecutor.java:142)&#xD;
	at com.kms.katalon.core.main.TestSuiteExecutor.execute(TestSuiteExecutor.java:91)&#xD;
	at com.kms.katalon.core.main.TestCaseMain.startTestSuite(TestCaseMain.java:157)&#xD;
	at com.kms.katalon.core.main.TestCaseMain$startTestSuite$0.call(Unknown Source)&#xD;
	at TempTestSuite1568806007179.run(TempTestSuite1568806007179.groovy:35)&#xD;
)</system-out>
            <system-err>2019-09-18 16:56:57 - [TEST_CASE][FAILED] - Test Cases/aValidate_OTPTest: Test Cases/aValidate_OTPTest FAILED.
Reason:
com.kms.katalon.core.exception.StepFailedException: Expected status code is '200' but actual status code is '404'&#xD;
	at com.kms.katalon.core.keyword.internal.KeywordMain.stepFailed(KeywordMain.groovy:50)&#xD;
	at com.kms.katalon.core.webservice.keyword.builtin.VerifyResponseStatusCodeKeyword.verifyStatusCode(VerifyResponseStatusCodeKeyword.groovy:52)&#xD;
	at com.kms.katalon.core.webservice.keyword.builtin.VerifyResponseStatusCodeKeyword$_verifyResponseStatusCode_closure1.doCall(VerifyResponseStatusCodeKeyword.groovy:42)&#xD;
	at com.kms.katalon.core.webservice.keyword.builtin.VerifyResponseStatusCodeKeyword$_verifyResponseStatusCode_closure1.call(VerifyResponseStatusCodeKeyword.groovy)&#xD;
	at com.kms.katalon.core.keyword.internal.KeywordMain.runKeyword(KeywordMain.groovy:68)&#xD;
	at com.kms.katalon.core.webservice.keyword.builtin.VerifyResponseStatusCodeKeyword.verifyResponseStatusCode(VerifyResponseStatusCodeKeyword.groovy:37)&#xD;
	at com.kms.katalon.core.webservice.keyword.builtin.VerifyResponseStatusCodeKeyword.execute(VerifyResponseStatusCodeKeyword.groovy:32)&#xD;
	at com.kms.katalon.core.keyword.internal.KeywordExecutor.executeKeywordForPlatform(KeywordExecutor.groovy:56)&#xD;
	at com.kms.katalon.core.webservice.keyword.WSBuiltInKeywords.verifyResponseStatusCode(WSBuiltInKeywords.groovy:212)&#xD;
	at com.kms.katalon.core.webservice.keyword.WSBuiltInKeywords$verifyResponseStatusCode$0.call(Unknown Source)&#xD;
	at WSVerification1568806019434.run(WSVerification1568806019434:15)&#xD;
	at com.kms.katalon.core.main.ScriptEngine.run(ScriptEngine.java:194)&#xD;
	at com.kms.katalon.core.main.ScriptEngine.runScriptAsRawText(ScriptEngine.java:119)&#xD;
	at com.kms.katalon.core.main.WSVerificationExecutor.runScript(WSVerificationExecutor.java:146)&#xD;
	at com.kms.katalon.core.main.WSVerificationExecutor.doExecute(WSVerificationExecutor.java:140)&#xD;
	at com.kms.katalon.core.main.WSVerificationExecutor.processExecutionPhase(WSVerificationExecutor.java:123)&#xD;
	at com.kms.katalon.core.main.WSVerificationExecutor.accessMainPhase(WSVerificationExecutor.java:115)&#xD;
	at com.kms.katalon.core.main.WSVerificationExecutor.execute(WSVerificationExecutor.java:103)&#xD;
	at com.kms.katalon.core.main.TestCaseMain.runWSVerificationScript(TestCaseMain.java:127)&#xD;
	at com.kms.katalon.core.webservice.keyword.builtin.SendRequestAndVerifyKeyword$_sendRequestAndVerify_closure1.doCall(SendRequestAndVerifyKeyword.groovy:55)&#xD;
	at com.kms.katalon.core.webservice.keyword.builtin.SendRequestAndVerifyKeyword$_sendRequestAndVerify_closure1.call(SendRequestAndVerifyKeyword.groovy)&#xD;
	at com.kms.katalon.core.keyword.internal.KeywordMain.runKeyword(KeywordMain.groovy:68)&#xD;
	at com.kms.katalon.core.webservice.keyword.builtin.SendRequestAndVerifyKeyword.sendRequestAndVerify(SendRequestAndVerifyKeyword.groovy:43)&#xD;
	at com.kms.katalon.core.webservice.keyword.builtin.SendRequestAndVerifyKeyword.execute(SendRequestAndVerifyKeyword.groovy:38)&#xD;
	at com.kms.katalon.core.keyword.internal.KeywordExecutor.executeKeywordForPlatform(KeywordExecutor.groovy:56)&#xD;
	at com.kms.katalon.core.webservice.keyword.WSBuiltInKeywords.sendRequestAndVerify(WSBuiltInKeywords.groovy:65)&#xD;
	at com.kms.katalon.core.webservice.keyword.WSBuiltInKeywords$sendRequestAndVerify.call(Unknown Source)&#xD;
	at aValidate_OTPTest.run(aValidate_OTPTest:18)&#xD;
	at com.kms.katalon.core.main.ScriptEngine.run(ScriptEngine.java:194)&#xD;
	at com.kms.katalon.core.main.ScriptEngine.runScriptAsRawText(ScriptEngine.java:119)&#xD;
	at com.kms.katalon.core.main.TestCaseExecutor.runScript(TestCaseExecutor.java:337)&#xD;
	at com.kms.katalon.core.main.TestCaseExecutor.doExecute(TestCaseExecutor.java:328)&#xD;
	at com.kms.katalon.core.main.TestCaseExecutor.processExecutionPhase(TestCaseExecutor.java:307)&#xD;
	at com.kms.katalon.core.main.TestCaseExecutor.accessMainPhase(TestCaseExecutor.java:299)&#xD;
	at com.kms.katalon.core.main.TestCaseExecutor.execute(TestCaseExecutor.java:233)&#xD;
	at com.kms.katalon.core.main.TestSuiteExecutor.accessTestCaseMainPhase(TestSuiteExecutor.java:169)&#xD;
	at com.kms.katalon.core.main.TestSuiteExecutor.accessTestSuiteMainPhase(TestSuiteExecutor.java:142)&#xD;
	at com.kms.katalon.core.main.TestSuiteExecutor.execute(TestSuiteExecutor.java:91)&#xD;
	at com.kms.katalon.core.main.TestCaseMain.startTestSuite(TestCaseMain.java:157)&#xD;
	at com.kms.katalon.core.main.TestCaseMain$startTestSuite$0.call(Unknown Source)&#xD;
	at TempTestSuite1568806007179.run(TempTestSuite1568806007179.groovy:35)</system-err>
        </testcase>
        <testcase name="Test Cases/bInsertUser_CheckInTest" classname="Test Cases/bInsertUser_CheckInTest" status="ERROR">
            <error type="ERROR" message="Test Cases/bInsertUser_CheckInTest FAILED.&#xA;Reason:&#xA;groovy.json.JsonException: Unable to determine the current character, it is not a string, number, array, or object&#xA;&#xA;The current character read is 'H' with an int value of 72&#xA;Unable to determine the current character, it is not a string, number, array, or object&#xA;line number 1&#xA;index number 0&#xA;Header Params are missing.&#xA;^&#xD;&#xA;&#x9;at bInsertUser_CheckInTest.run(bInsertUser_CheckInTest:31)&#xD;&#xA;&#x9;at com.kms.katalon.core.main.ScriptEngine.run(ScriptEngine.java:194)&#xD;&#xA;&#x9;at com.kms.katalon.core.main.ScriptEngine.runScriptAsRawText(ScriptEngine.java:119)&#xD;&#xA;&#x9;at com.kms.katalon.core.main.TestCaseExecutor.runScript(TestCaseExecutor.java:337)&#xD;&#xA;&#x9;at com.kms.katalon.core.main.TestCaseExecutor.doExecute(TestCaseExecutor.java:328)&#xD;&#xA;&#x9;at com.kms.katalon.core.main.TestCaseExecutor.processExecutionPhase(TestCaseExecutor.java:307)&#xD;&#xA;&#x9;at com.kms.katalon.core.main.TestCaseExecutor.accessMainPhase(TestCaseExecutor.java:299)&#xD;&#xA;&#x9;at com.kms.katalon.core.main.TestCaseExecutor.execute(TestCaseExecutor.java:233)&#xD;&#xA;&#x9;at com.kms.katalon.core.main.TestSuiteExecutor.accessTestCaseMainPhase(TestSuiteExecutor.java:169)&#xD;&#xA;&#x9;at com.kms.katalon.core.main.TestSuiteExecutor.accessTestSuiteMainPhase(TestSuiteExecutor.java:142)&#xD;&#xA;&#x9;at com.kms.katalon.core.main.TestSuiteExecutor.execute(TestSuiteExecutor.java:91)&#xD;&#xA;&#x9;at com.kms.katalon.core.main.TestCaseMain.startTestSuite(TestCaseMain.java:157)&#xD;&#xA;&#x9;at com.kms.katalon.core.main.TestCaseMain$startTestSuite$0.call(Unknown Source)&#xD;&#xA;&#x9;at TempTestSuite1568806007179.run(TempTestSuite1568806007179.groovy:35)&#xD;&#xA;"/>
            <system-out>2019-09-18 16:57:00 - [TEST_CASE][ERROR] - Test Cases/bInsertUser_CheckInTest: Test Cases/bInsertUser_CheckInTest FAILED.
Reason:
groovy.json.JsonException: Unable to determine the current character, it is not a string, number, array, or object

The current character read is 'H' with an int value of 72
Unable to determine the current character, it is not a string, number, array, or object
line number 1
index number 0
Header Params are missing.
^&#xD;
	at bInsertUser_CheckInTest.run(bInsertUser_CheckInTest:31)&#xD;
	at com.kms.katalon.core.main.ScriptEngine.run(ScriptEngine.java:194)&#xD;
	at com.kms.katalon.core.main.ScriptEngine.runScriptAsRawText(ScriptEngine.java:119)&#xD;
	at com.kms.katalon.core.main.TestCaseExecutor.runScript(TestCaseExecutor.java:337)&#xD;
	at com.kms.katalon.core.main.TestCaseExecutor.doExecute(TestCaseExecutor.java:328)&#xD;
	at com.kms.katalon.core.main.TestCaseExecutor.processExecutionPhase(TestCaseExecutor.java:307)&#xD;
	at com.kms.katalon.core.main.TestCaseExecutor.accessMainPhase(TestCaseExecutor.java:299)&#xD;
	at com.kms.katalon.core.main.TestCaseExecutor.execute(TestCaseExecutor.java:233)&#xD;
	at com.kms.katalon.core.main.TestSuiteExecutor.accessTestCaseMainPhase(TestSuiteExecutor.java:169)&#xD;
	at com.kms.katalon.core.main.TestSuiteExecutor.accessTestSuiteMainPhase(TestSuiteExecutor.java:142)&#xD;
	at com.kms.katalon.core.main.TestSuiteExecutor.execute(TestSuiteExecutor.java:91)&#xD;
	at com.kms.katalon.core.main.TestCaseMain.startTestSuite(TestCaseMain.java:157)&#xD;
	at com.kms.katalon.core.main.TestCaseMain$startTestSuite$0.call(Unknown Source)&#xD;
	at TempTestSuite1568806007179.run(TempTestSuite1568806007179.groovy:35)&#xD;
&#xD;
&#xD;
2019-09-18 16:57:00 - [TEST_STEP][PASSED] - chkInID = toString().toUpperCase(): null&#xD;
&#xD;
2019-09-18 16:57:00 - [TEST_STEP][PASSED] - println(chkInID): null&#xD;
&#xD;
2019-09-18 16:57:00 - [TEST_STEP][PASSED] - now = new java.util.Date(): null&#xD;
&#xD;
2019-09-18 16:57:00 - [TEST_STEP][PASSED] - chkInTime = now.format("dd-MM-YYYY HH:mm:ss +5:30"): null&#xD;
&#xD;
2019-09-18 16:57:00 - [TEST_STEP][PASSED] - println(chkInTime): null&#xD;
&#xD;
2019-09-18 16:57:00 - [TEST_STEP][PASSED] - resp3 = sendRequest(findTestObject("bInsert User CheckIn", ["uniqueToken":uniquetoken, "userId":userid, "checkInTime":chkInTime, "checkInID":chkInID, "checkinLocality":checkinLocality])): Send request successfully&#xD;
&#xD;
2019-09-18 16:57:00 - [MESSAGE][INFO] - HAR: C:\Users\rajesh.veeranna\Katalon Studio\SmartIndonasia\Reports\20190918_165647\SMARTINDONASIA_API_SmokeTest\20190918_165647\requests\main\3.har&#xD;
&#xD;
2019-09-18 16:57:00 - [MESSAGE][PASSED] - Send request successfully&#xD;
&#xD;
2019-09-18 16:57:00 - [TEST_STEP][PASSED] - slurper3 = new groovy.json.JsonSlurper(): null&#xD;
&#xD;
2019-09-18 16:57:00 - [TEST_STEP][PASSED] - result3 = slurper3.parseText(resp3.getResponseText()): null</system-out>
            <system-err>2019-09-18 16:57:00 - [TEST_CASE][ERROR] - Test Cases/bInsertUser_CheckInTest: Test Cases/bInsertUser_CheckInTest FAILED.
Reason:
groovy.json.JsonException: Unable to determine the current character, it is not a string, number, array, or object

The current character read is 'H' with an int value of 72
Unable to determine the current character, it is not a string, number, array, or object
line number 1
index number 0
Header Params are missing.
^&#xD;
	at bInsertUser_CheckInTest.run(bInsertUser_CheckInTest:31)&#xD;
	at com.kms.katalon.core.main.ScriptEngine.run(ScriptEngine.java:194)&#xD;
	at com.kms.katalon.core.main.ScriptEngine.runScriptAsRawText(ScriptEngine.java:119)&#xD;
	at com.kms.katalon.core.main.TestCaseExecutor.runScript(TestCaseExecutor.java:337)&#xD;
	at com.kms.katalon.core.main.TestCaseExecutor.doExecute(TestCaseExecutor.java:328)&#xD;
	at com.kms.katalon.core.main.TestCaseExecutor.processExecutionPhase(TestCaseExecutor.java:307)&#xD;
	at com.kms.katalon.core.main.TestCaseExecutor.accessMainPhase(TestCaseExecutor.java:299)&#xD;
	at com.kms.katalon.core.main.TestCaseExecutor.execute(TestCaseExecutor.java:233)&#xD;
	at com.kms.katalon.core.main.TestSuiteExecutor.accessTestCaseMainPhase(TestSuiteExecutor.java:169)&#xD;
	at com.kms.katalon.core.main.TestSuiteExecutor.accessTestSuiteMainPhase(TestSuiteExecutor.java:142)&#xD;
	at com.kms.katalon.core.main.TestSuiteExecutor.execute(TestSuiteExecutor.java:91)&#xD;
	at com.kms.katalon.core.main.TestCaseMain.startTestSuite(TestCaseMain.java:157)&#xD;
	at com.kms.katalon.core.main.TestCaseMain$startTestSuite$0.call(Unknown Source)&#xD;
	at TempTestSuite1568806007179.run(TempTestSuite1568806007179.groovy:35)</system-err>
        </testcase>
        <testcase name="Test Cases/bUpdateUser_CheckInTest" classname="Test Cases/bUpdateUser_CheckInTest" status="PASSED">
            <system-out>2019-09-18 16:57:01 - [TEST_CASE][PASSED] - Test Cases/bUpdateUser_CheckInTest: Test Cases/bUpdateUser_CheckInTest&#xD;
&#xD;
2019-09-18 16:57:01 - [TEST_STEP][PASSED] - file3 = new java.io.File(D:\Checkin_ID.txt): null&#xD;
&#xD;
2019-09-18 16:57:01 - [TEST_STEP][PASSED] - checkinID = file3.readLines(): null&#xD;
&#xD;
2019-09-18 16:57:01 - [TEST_STEP][PASSED] - println("--------------&gt;" + checkinID): null&#xD;
&#xD;
2019-09-18 16:57:01 - [TEST_STEP][PASSED] - now1 = new java.util.Date(): null&#xD;
&#xD;
2019-09-18 16:57:01 - [TEST_STEP][PASSED] - chkOutTime = now1.format("dd-MM-YYYY HH:mm:ss +5:30"): null&#xD;
&#xD;
2019-09-18 16:57:01 - [TEST_STEP][PASSED] - println(chkOutTime): null&#xD;
&#xD;
2019-09-18 16:57:01 - [TEST_STEP][PASSED] - resp4 = sendRequest(findTestObject("bUpdate User CheckIn", ["uniqueToken":uniquetoken, "userId":userid, "checkinID":checkinID, "checkedOutTime":chkOutTime])): Send request successfully&#xD;
&#xD;
2019-09-18 16:57:02 - [MESSAGE][INFO] - HAR: C:\Users\rajesh.veeranna\Katalon Studio\SmartIndonasia\Reports\20190918_165647\SMARTINDONASIA_API_SmokeTest\20190918_165647\requests\main\4.har&#xD;
&#xD;
2019-09-18 16:57:02 - [MESSAGE][PASSED] - Send request successfully</system-out>
            <system-err></system-err>
        </testcase>
        <testcase name="Test Cases/cInsertTripDetails_Test" classname="Test Cases/cInsertTripDetails_Test" status="ERROR">
[...]
	at com.kms.katalon.core.main.WSVerificationExecutor.doExecute(WSVerificationExecutor.java:140)&#xD;
	at com.kms.katalon.core.main.WSVerificationExecutor.processExecutionPhase(WSVerificationExecutor.java:123)&#xD;
	at com.kms.katalon.core.main.WSVerificationExecutor.accessMainPhase(WSVerificationExecutor.java:115)&#xD;
	at com.kms.katalon.core.main.WSVerificationExecutor.execute(WSVerificationExecutor.java:103)&#xD;
	at com.kms.katalon.core.main.TestCaseMain.runWSVerificationScript(TestCaseMain.java:127)&#xD;
	at com.kms.katalon.core.webservice.keyword.builtin.SendRequestAndVerifyKeyword$_sendRequestAndVerify_closure1.doCall(SendRequestAndVerifyKeyword.groovy:55)&#xD;
	at com.kms.katalon.core.webservice.keyword.builtin.SendRequestAndVerifyKeyword$_sendRequestAndVerify_closure1.call(SendRequestAndVerifyKeyword.groovy)&#xD;
	at com.kms.katalon.core.keyword.internal.KeywordMain.runKeyword(KeywordMain.groovy:68)&#xD;
	at com.kms.katalon.core.webservice.keyword.builtin.SendRequestAndVerifyKeyword.sendRequestAndVerify(SendRequestAndVerifyKeyword.groovy:43)&#xD;
	at com.kms.katalon.core.webservice.keyword.builtin.SendRequestAndVerifyKeyword.execute(SendRequestAndVerifyKeyword.groovy:38)&#xD;
	at com.kms.katalon.core.keyword.internal.KeywordExecutor.executeKeywordForPlatform(KeywordExecutor.groovy:56)&#xD;
	at com.kms.katalon.core.webservice.keyword.WSBuiltInKeywords.sendRequestAndVerify(WSBuiltInKeywords.groovy:65)&#xD;
	at com.kms.katalon.core.webservice.keyword.WSBuiltInKeywords$sendRequestAndVerify.call(Unknown Source)&#xD;
	at wDiseaseMaster_Test.run(wDiseaseMaster_Test:19)&#xD;
	at com.kms.katalon.core.main.ScriptEngine.run(ScriptEngine.java:194)&#xD;
	at com.kms.katalon.core.main.ScriptEngine.runScriptAsRawText(ScriptEngine.java:119)&#xD;
	at com.kms.katalon.core.main.TestCaseExecutor.runScript(TestCaseExecutor.java:337)&#xD;
	at com.kms.katalon.core.main.TestCaseExecutor.doExecute(TestCaseExecutor.java:328)&#xD;
	at com.kms.katalon.core.main.TestCaseExecutor.processExecutionPhase(TestCaseExecutor.java:307)&#xD;
	at com.kms.katalon.core.main.TestCaseExecutor.accessMainPhase(TestCaseExecutor.java:299)&#xD;
	at com.kms.katalon.core.main.TestCaseExecutor.execute(TestCaseExecutor.java:233)&#xD;
	at com.kms.katalon.core.main.TestSuiteExecutor.accessTestCaseMainPhase(TestSuiteExecutor.java:169)&#xD;
	at com.kms.katalon.core.main.TestSuiteExecutor.accessTestSuiteMainPhase(TestSuiteExecutor.java:142)&#xD;
	at com.kms.katalon.core.main.TestSuiteExecutor.execute(TestSuiteExecutor.java:91)&#xD;
	at com.kms.katalon.core.main.TestCaseMain.startTestSuite(TestCaseMain.java:157)&#xD;
	at com.kms.katalon.core.main.TestCaseMain$startTestSuite$0.call(Unknown Source)&#xD;
	at TempTestSuite1568806007179.run(TempTestSuite1568806007179.groovy:35)&#xD;
&#xD;
&#xD;
2019-09-18 16:57:27 - [TEST_STEP][PASSED] - request = getInstance().getCurrentRequest(): null&#xD;
&#xD;
2019-09-18 16:57:27 - [TEST_STEP][PASSED] - response = getInstance().getCurrentResponse(): null&#xD;
&#xD;
2019-09-18 16:57:27 - [TEST_STEP][FAILED] - verifyResponseStatusCode(response, 200): Unable to verify response status code (Root cause: com.kms.katalon.core.exception.StepFailedException: Expected status code is '200' but actual status code is '404'&#xD;
	at com.kms.katalon.core.keyword.internal.KeywordMain.stepFailed(KeywordMain.groovy:50)&#xD;
	at com.kms.katalon.core.webservice.keyword.builtin.VerifyResponseStatusCodeKeyword.verifyStatusCode(VerifyResponseStatusCodeKeyword.groovy:52)&#xD;
	at com.kms.katalon.core.webservice.keyword.builtin.VerifyResponseStatusCodeKeyword$_verifyResponseStatusCode_closure1.doCall(VerifyResponseStatusCodeKeyword.groovy:42)&#xD;
	at com.kms.katalon.core.webservice.keyword.builtin.VerifyResponseStatusCodeKeyword$_verifyResponseStatusCode_closure1.call(VerifyResponseStatusCodeKeyword.groovy)&#xD;
	at com.kms.katalon.core.keyword.internal.KeywordMain.runKeyword(KeywordMain.groovy:68)&#xD;
	at com.kms.katalon.core.webservice.keyword.builtin.VerifyResponseStatusCodeKeyword.verifyResponseStatusCode(VerifyResponseStatusCodeKeyword.groovy:37)&#xD;
	at com.kms.katalon.core.webservice.keyword.builtin.VerifyResponseStatusCodeKeyword.execute(VerifyResponseStatusCodeKeyword.groovy:32)&#xD;
	at com.kms.katalon.core.keyword.internal.KeywordExecutor.executeKeywordForPlatform(KeywordExecutor.groovy:56)&#xD;
	at com.kms.katalon.core.webservice.keyword.WSBuiltInKeywords.verifyResponseStatusCode(WSBuiltInKeywords.groovy:212)&#xD;
	at com.kms.katalon.core.webservice.keyword.WSBuiltInKeywords$verifyResponseStatusCode$0.call(Unknown Source)&#xD;
	at WSVerification1568806046959.run(WSVerification1568806046959:16)&#xD;
	at com.kms.katalon.core.main.ScriptEngine.run(ScriptEngine.java:194)&#xD;
	at com.kms.katalon.core.main.ScriptEngine.runScriptAsRawText(ScriptEngine.java:119)&#xD;
	at com.kms.katalon.core.main.WSVerificationExecutor.runScript(WSVerificationExecutor.java:146)&#xD;
	at com.kms.katalon.core.main.WSVerificationExecutor.doExecute(WSVerificationExecutor.java:140)&#xD;
	at com.kms.katalon.core.main.WSVerificationExecutor.processExecutionPhase(WSVerificationExecutor.java:123)&#xD;
	at com.kms.katalon.core.main.WSVerificationExecutor.accessMainPhase(WSVerificationExecutor.java:115)&#xD;
	at com.kms.katalon.core.main.WSVerificationExecutor.execute(WSVerificationExecutor.java:103)&#xD;
	at com.kms.katalon.core.main.TestCaseMain.runWSVerificationScript(TestCaseMain.java:127)&#xD;
	at com.kms.katalon.core.webservice.keyword.builtin.SendRequestAndVerifyKeyword$_sendRequestAndVerify_closure1.doCall(SendRequestAndVerifyKeyword.groovy:55)&#xD;
	at com.kms.katalon.core.webservice.keyword.builtin.SendRequestAndVerifyKeyword$_sendRequestAndVerify_closure1.call(SendRequestAndVerifyKeyword.groovy)&#xD;
	at com.kms.katalon.core.keyword.internal.KeywordMain.runKeyword(KeywordMain.groovy:68)&#xD;
	at com.kms.katalon.core.webservice.keyword.builtin.SendRequestAndVerifyKeyword.sendRequestAndVerify(SendRequestAndVerifyKeyword.groovy:43)&#xD;
	at com.kms.katalon.core.webservice.keyword.builtin.SendRequestAndVerifyKeyword.execute(SendRequestAndVerifyKeyword.groovy:38)&#xD;
	at com.kms.katalon.core.keyword.internal.KeywordExecutor.executeKeywordForPlatform(KeywordExecutor.groovy:56)&#xD;
	at com.kms.katalon.core.webservice.keyword.WSBuiltInKeywords.sendRequestAndVerify(WSBuiltInKeywords.groovy:65)&#xD;
	at com.kms.katalon.core.webservice.keyword.WSBuiltInKeywords$sendRequestAndVerify.call(Unknown Source)&#xD;
	at wDiseaseMaster_Test.run(wDiseaseMaster_Test:19)&#xD;
	at com.kms.katalon.core.main.ScriptEngine.run(ScriptEngine.java:194)&#xD;
	at com.kms.katalon.core.main.ScriptEngine.runScriptAsRawText(ScriptEngine.java:119)&#xD;
	at com.kms.katalon.core.main.TestCaseExecutor.runScript(TestCaseExecutor.java:337)&#xD;
	at com.kms.katalon.core.main.TestCaseExecutor.doExecute(TestCaseExecutor.java:328)&#xD;
	at com.kms.katalon.core.main.TestCaseExecutor.processExecutionPhase(TestCaseExecutor.java:307)&#xD;
	at com.kms.katalon.core.main.TestCaseExecutor.accessMainPhase(TestCaseExecutor.java:299)&#xD;
	at com.kms.katalon.core.main.TestCaseExecutor.execute(TestCaseExecutor.java:233)&#xD;
	at com.kms.katalon.core.main.TestSuiteExecutor.accessTestCaseMainPhase(TestSuiteExecutor.java:169)&#xD;
	at com.kms.katalon.core.main.TestSuiteExecutor.accessTestSuiteMainPhase(TestSuiteExecutor.java:142)&#xD;
	at com.kms.katalon.core.main.TestSuiteExecutor.execute(TestSuiteExecutor.java:91)&#xD;
	at com.kms.katalon.core.main.TestCaseMain.startTestSuite(TestCaseMain.java:157)&#xD;
	at com.kms.katalon.core.main.TestCaseMain$startTestSuite$0.call(Unknown Source)&#xD;
	at TempTestSuite1568806007179.run(TempTestSuite1568806007179.groovy:35)&#xD;
)&#xD;
&#xD;
2019-09-18 16:57:27 - [MESSAGE][FAILED] - Expected status code is '200' but actual status code is '404'&#xD;
&#xD;
2019-09-18 16:57:27 - [MESSAGE][FAILED] - Unable to verify response status code (Root cause: com.kms.katalon.core.exception.StepFailedException: Expected status code is '200' but actual status code is '404'&#xD;
	at com.kms.katalon.core.keyword.internal.KeywordMain.stepFailed(KeywordMain.groovy:50)&#xD;
	at com.kms.katalon.core.webservice.keyword.builtin.VerifyResponseStatusCodeKeyword.verifyStatusCode(VerifyResponseStatusCodeKeyword.groovy:52)&#xD;
	at com.kms.katalon.core.webservice.keyword.builtin.VerifyResponseStatusCodeKeyword$_verifyResponseStatusCode_closure1.doCall(VerifyResponseStatusCodeKeyword.groovy:42)&#xD;
	at com.kms.katalon.core.webservice.keyword.builtin.VerifyResponseStatusCodeKeyword$_verifyResponseStatusCode_closure1.call(VerifyResponseStatusCodeKeyword.groovy)&#xD;
	at com.kms.katalon.core.keyword.internal.KeywordMain.runKeyword(KeywordMain.groovy:68)&#xD;
	at com.kms.katalon.core.webservice.keyword.builtin.VerifyResponseStatusCodeKeyword.verifyResponseStatusCode(VerifyResponseStatusCodeKeyword.groovy:37)&#xD;
	at com.kms.katalon.core.webservice.keyword.builtin.VerifyResponseStatusCodeKeyword.execute(VerifyResponseStatusCodeKeyword.groovy:32)&#xD;
	at com.kms.katalon.core.keyword.internal.KeywordExecutor.executeKeywordForPlatform(KeywordExecutor.groovy:56)&#xD;
	at com.kms.katalon.core.webservice.keyword.WSBuiltInKeywords.verifyResponseStatusCode(WSBuiltInKeywords.groovy:212)&#xD;
	at com.kms.katalon.core.webservice.keyword.WSBuiltInKeywords$verifyResponseStatusCode$0.call(Unknown Source)&#xD;
	at WSVerification1568806046959.run(WSVerification1568806046959:16)&#xD;
	at com.kms.katalon.core.main.ScriptEngine.run(ScriptEngine.java:194)&#xD;
	at com.kms.katalon.core.main.ScriptEngine.runScriptAsRawText(ScriptEngine.java:119)&#xD;
	at com.kms.katalon.core.main.WSVerificationExecutor.runScript(WSVerificationExecutor.java:146)&#xD;
	at com.kms.katalon.core.main.WSVerificationExecutor.doExecute(WSVerificationExecutor.java:140)&#xD;
	at com.kms.katalon.core.main.WSVerificationExecutor.processExecutionPhase(WSVerificationExecutor.java:123)&#xD;
	at com.kms.katalon.core.main.WSVerificationExecutor.accessMainPhase(WSVerificationExecutor.java:115)&#xD;
	at com.kms.katalon.core.main.WSVerificationExecutor.execute(WSVerificationExecutor.java:103)&#xD;
	at com.kms.katalon.core.main.TestCaseMain.runWSVerificationScript(TestCaseMain.java:127)&#xD;
	at com.kms.katalon.core.webservice.keyword.builtin.SendRequestAndVerifyKeyword$_sendRequestAndVerify_closure1.doCall(SendRequestAndVerifyKeyword.groovy:55)&#xD;
	at com.kms.katalon.core.webservice.keyword.builtin.SendRequestAndVerifyKeyword$_sendRequestAndVerify_closure1.call(SendRequestAndVerifyKeyword.groovy)&#xD;
	at com.kms.katalon.core.keyword.internal.KeywordMain.runKeyword(KeywordMain.groovy:68)&#xD;
	at com.kms.katalon.core.webservice.keyword.builtin.SendRequestAndVerifyKeyword.sendRequestAndVerify(SendRequestAndVerifyKeyword.groovy:43)&#xD;
	at com.kms.katalon.core.webservice.keyword.builtin.SendRequestAndVerifyKeyword.execute(SendRequestAndVerifyKeyword.groovy:38)&#xD;
	at com.kms.katalon.core.keyword.internal.KeywordExecutor.executeKeywordForPlatform(KeywordExecutor.groovy:56)&#xD;
	at com.kms.katalon.core.webservice.keyword.WSBuiltInKeywords.sendRequestAndVerify(WSBuiltInKeywords.groovy:65)&#xD;
	at com.kms.katalon.core.webservice.keyword.WSBuiltInKeywords$sendRequestAndVerify.call(Unknown Source)&#xD;
	at wDiseaseMaster_Test.run(wDiseaseMaster_Test:19)&#xD;
	at com.kms.katalon.core.main.ScriptEngine.run(ScriptEngine.java:194)&#xD;
	at com.kms.katalon.core.main.ScriptEngine.runScriptAsRawText(ScriptEngine.java:119)&#xD;
	at com.kms.katalon.core.main.TestCaseExecutor.runScript(TestCaseExecutor.java:337)&#xD;
	at com.kms.katalon.core.main.TestCaseExecutor.doExecute(TestCaseExecutor.java:328)&#xD;
	at com.kms.katalon.core.main.TestCaseExecutor.processExecutionPhase(TestCaseExecutor.java:307)&#xD;
	at com.kms.katalon.core.main.TestCaseExecutor.accessMainPhase(TestCaseExecutor.java:299)&#xD;
	at com.kms.katalon.core.main.TestCaseExecutor.execute(TestCaseExecutor.java:233)&#xD;
	at com.kms.katalon.core.main.TestSuiteExecutor.accessTestCaseMainPhase(TestSuiteExecutor.java:169)&#xD;
	at com.kms.katalon.core.main.TestSuiteExecutor.accessTestSuiteMainPhase(TestSuiteExecutor.java:142)&#xD;
	at com.kms.katalon.core.main.TestSuiteExecutor.execute(TestSuiteExecutor.java:91)&#xD;
	at com.kms.katalon.core.main.TestCaseMain.startTestSuite(TestCaseMain.java:157)&#xD;
	at com.kms.katalon.core.main.TestCaseMain$startTestSuite$0.call(Unknown Source)&#xD;
	at TempTestSuite1568806007179.run(TempTestSuite1568806007179.groovy:35)&#xD;
)&#xD;
&#xD;
2019-09-18 16:57:27 - [MESSAGE][FAILED] - Unable to send request and verify the response (Root cause: com.kms.katalon.core.exception.StepFailedException: Verification failed&#xD;
	at com.kms.katalon.core.webservice.keyword.builtin.SendRequestAndVerifyKeyword$_sendRequestAndVerify_closure1.doCall(SendRequestAndVerifyKeyword.groovy:59)&#xD;
	at com.kms.katalon.core.webservice.keyword.builtin.SendRequestAndVerifyKeyword$_sendRequestAndVerify_closure1.call(SendRequestAndVerifyKeyword.groovy)&#xD;
	at com.kms.katalon.core.keyword.internal.KeywordMain.runKeyword(KeywordMain.groovy:68)&#xD;
	at com.kms.katalon.core.webservice.keyword.builtin.SendRequestAndVerifyKeyword.sendRequestAndVerify(SendRequestAndVerifyKeyword.groovy:43)&#xD;
	at com.kms.katalon.core.webservice.keyword.builtin.SendRequestAndVerifyKeyword.execute(SendRequestAndVerifyKeyword.groovy:38)&#xD;
	at com.kms.katalon.core.keyword.internal.KeywordExecutor.executeKeywordForPlatform(KeywordExecutor.groovy:56)&#xD;
	at com.kms.katalon.core.webservice.keyword.WSBuiltInKeywords.sendRequestAndVerify(WSBuiltInKeywords.groovy:65)&#xD;
	at com.kms.katalon.core.webservice.keyword.WSBuiltInKeywords$sendRequestAndVerify.call(Unknown Source)&#xD;
	at wDiseaseMaster_Test.run(wDiseaseMaster_Test:19)&#xD;
	at com.kms.katalon.core.main.ScriptEngine.run(ScriptEngine.java:194)&#xD;
	at com.kms.katalon.core.main.ScriptEngine.runScriptAsRawText(ScriptEngine.java:119)&#xD;
	at com.kms.katalon.core.main.TestCaseExecutor.runScript(TestCaseExecutor.java:337)&#xD;
	at com.kms.katalon.core.main.TestCaseExecutor.doExecute(TestCaseExecutor.java:328)&#xD;
	at com.kms.katalon.core.main.TestCaseExecutor.processExecutionPhase(TestCaseExecutor.java:307)&#xD;
	at com.kms.katalon.core.main.TestCaseExecutor.accessMainPhase(TestCaseExecutor.java:299)&#xD;
	at com.kms.katalon.core.main.TestCaseExecutor.execute(TestCaseExecutor.java:233)&#xD;
	at com.kms.katalon.core.main.TestSuiteExecutor.accessTestCaseMainPhase(TestSuiteExecutor.java:169)&#xD;
	at com.kms.katalon.core.main.TestSuiteExecutor.accessTestSuiteMainPhase(TestSuiteExecutor.java:142)&#xD;
	at com.kms.katalon.core.main.TestSuiteExecutor.execute(TestSuiteExecutor.java:91)&#xD;
	at com.kms.katalon.core.main.TestCaseMain.startTestSuite(TestCaseMain.java:157)&#xD;
	at com.kms.katalon.core.main.TestCaseMain$startTestSuite$0.call(Unknown Source)&#xD;
	at TempTestSuite1568806007179.run(TempTestSuite1568806007179.groovy:35)&#xD;
)</system-out>
            <system-err>2019-09-18 16:57:25 - [TEST_CASE][FAILED] - Test Cases/wDiseaseMaster_Test: Test Cases/wDiseaseMaster_Test FAILED.
Reason:
com.kms.katalon.core.exception.StepFailedException: Expected status code is '200' but actual status code is '404'&#xD;
	at com.kms.katalon.core.keyword.internal.KeywordMain.stepFailed(KeywordMain.groovy:50)&#xD;
	at com.kms.katalon.core.webservice.keyword.builtin.VerifyResponseStatusCodeKeyword.verifyStatusCode(VerifyResponseStatusCodeKeyword.groovy:52)&#xD;
	at com.kms.katalon.core.webservice.keyword.builtin.VerifyResponseStatusCodeKeyword$_verifyResponseStatusCode_closure1.doCall(VerifyResponseStatusCodeKeyword.groovy:42)&#xD;
	at com.kms.katalon.core.webservice.keyword.builtin.VerifyResponseStatusCodeKeyword$_verifyResponseStatusCode_closure1.call(VerifyResponseStatusCodeKeyword.groovy)&#xD;
	at com.kms.katalon.core.keyword.internal.KeywordMain.runKeyword(KeywordMain.groovy:68)&#xD;
	at com.kms.katalon.core.webservice.keyword.builtin.VerifyResponseStatusCodeKeyword.verifyResponseStatusCode(VerifyResponseStatusCodeKeyword.groovy:37)&#xD;
	at com.kms.katalon.core.webservice.keyword.builtin.VerifyResponseStatusCodeKeyword.execute(VerifyResponseStatusCodeKeyword.groovy:32)&#xD;
	at com.kms.katalon.core.keyword.internal.KeywordExecutor.executeKeywordForPlatform(KeywordExecutor.groovy:56)&#xD;
	at com.kms.katalon.core.webservice.keyword.WSBuiltInKeywords.verifyResponseStatusCode(WSBuiltInKeywords.groovy:212)&#xD;
	at com.kms.katalon.core.webservice.keyword.WSBuiltInKeywords$verifyResponseStatusCode$0.call(Unknown Source)&#xD;
	at WSVerification1568806046959.run(WSVerification1568806046959:16)&#xD;
	at com.kms.katalon.core.main.ScriptEngine.run(ScriptEngine.java:194)&#xD;
	at com.kms.katalon.core.main.ScriptEngine.runScriptAsRawText(ScriptEngine.java:119)&#xD;
	at com.kms.katalon.core.main.WSVerificationExecutor.runScript(WSVerificationExecutor.java:146)&#xD;
	at com.kms.katalon.core.main.WSVerificationExecutor.doExecute(WSVerificationExecutor.java:140)&#xD;
	at com.kms.katalon.core.main.WSVerificationExecutor.processExecutionPhase(WSVerificationExecutor.java:123)&#xD;
	at com.kms.katalon.core.main.WSVerificationExecutor.accessMainPhase(WSVerificationExecutor.java:115)&#xD;
	at com.kms.katalon.core.main.WSVerificationExecutor.execute(WSVerificationExecutor.java:103)&#xD;
	at com.kms.katalon.core.main.TestCaseMain.runWSVerificationScript(TestCaseMain.java:127)&#xD;
	at com.kms.katalon.core.webservice.keyword.builtin.SendRequestAndVerifyKeyword$_sendRequestAndVerify_closure1.doCall(SendRequestAndVerifyKeyword.groovy:55)&#xD;
	at com.kms.katalon.core.webservice.keyword.builtin.SendRequestAndVerifyKeyword$_sendRequestAndVerify_closure1.call(SendRequestAndVerifyKeyword.groovy)&#xD;
	at com.kms.katalon.core.keyword.internal.KeywordMain.runKeyword(KeywordMain.groovy:68)&#xD;
	at com.kms.katalon.core.webservice.keyword.builtin.SendRequestAndVerifyKeyword.sendRequestAndVerify(SendRequestAndVerifyKeyword.groovy:43)&#xD;
	at com.kms.katalon.core.webservice.keyword.builtin.SendRequestAndVerifyKeyword.execute(SendRequestAndVerifyKeyword.groovy:38)&#xD;
	at com.kms.katalon.core.keyword.internal.KeywordExecutor.executeKeywordForPlatform(KeywordExecutor.groovy:56)&#xD;
	at com.kms.katalon.core.webservice.keyword.WSBuiltInKeywords.sendRequestAndVerify(WSBuiltInKeywords.groovy:65)&#xD;
	at com.kms.katalon.core.webservice.keyword.WSBuiltInKeywords$sendRequestAndVerify.call(Unknown Source)&#xD;
	at wDiseaseMaster_Test.run(wDiseaseMaster_Test:19)&#xD;
	at com.kms.katalon.core.main.ScriptEngine.run(ScriptEngine.java:194)&#xD;
	at com.kms.katalon.core.main.ScriptEngine.runScriptAsRawText(ScriptEngine.java:119)&#xD;
	at com.kms.katalon.core.main.TestCaseExecutor.runScript(TestCaseExecutor.java:337)&#xD;
	at com.kms.katalon.core.main.TestCaseExecutor.doExecute(TestCaseExecutor.java:328)&#xD;
	at com.kms.katalon.core.main.TestCaseExecutor.processExecutionPhase(TestCaseExecutor.java:307)&#xD;
	at com.kms.katalon.core.main.TestCaseExecutor.accessMainPhase(TestCaseExecutor.java:299)&#xD;
	at com.kms.katalon.core.main.TestCaseExecutor.execute(TestCaseExecutor.java:233)&#xD;
	at com.kms.katalon.core.main.TestSuiteExecutor.accessTestCaseMainPhase(TestSuiteExecutor.java:169)&#xD;
	at com.kms.katalon.core.main.TestSuiteExecutor.accessTestSuiteMainPhase(TestSuiteExecutor.java:142)&#xD;
	at com.kms.katalon.core.main.TestSuiteExecutor.execute(TestSuiteExecutor.java:91)&#xD;
	at com.kms.katalon.core.main.TestCaseMain.startTestSuite(TestCaseMain.java:157)&#xD;
	at com.kms.katalon.core.main.TestCaseMain$startTestSuite$0.call(Unknown Source)&#xD;
	at TempTestSuite1568806007179.run(TempTestSuite1568806007179.groovy:35)</system-err>
        </testcase>
        <system-out>2019-09-18 16:56:51 - [TEST_SUITE][INCOMPLETE] - SMARTINDONASIA_API_SmokeTest: null</system-out>
        <system-err>2019-09-18 16:56:51 - [TEST_SUITE][INCOMPLETE] - SMARTINDONASIA_API_SmokeTest: null</system-err>
    </testsuite>
</testsuites>
